[0.170s] DEBUG:colcon:Command line arguments: ['/home/ros2/.local/bin/colcon', 'build', '--symlink-install']
[0.170s] DEBUG:colcon:Parsed command line arguments: Namespace(log_base=None, log_level=None, verb_name='build', build_base='build', install_base='install', merge_install=False, symlink_install=True, test_result_base=None, continue_on_error=False, executor='parallel', parallel_workers=16, event_handlers=None, ignore_user_meta=False, metas=['./colcon.meta'], base_paths=['.'], packages_ignore=None, packages_ignore_regex=None, paths=None, packages_up_to=None, packages_up_to_regex=None, packages_above=None, packages_above_and_dependencies=None, packages_above_depth=None, packages_select_by_dep=None, packages_skip_by_dep=None, packages_skip_up_to=None, packages_select_build_failed=False, packages_skip_build_finished=False, packages_select_test_failures=False, packages_skip_test_passed=False, packages_select=None, packages_skip=None, packages_select_regex=None, packages_skip_regex=None, packages_start=None, packages_end=None, allow_overriding=[], cmake_args=None, cmake_target=None, cmake_target_skip_unavailable=False, cmake_clean_cache=False, cmake_clean_first=False, cmake_force_configure=False, ament_cmake_args=None, catkin_cmake_args=None, catkin_skip_building_tests=False, verb_parser=<colcon_defaults.argument_parser.defaults.DefaultArgumentsDecorator object at 0x7f8f26b05120>, verb_extension=<colcon_core.verb.build.BuildVerb object at 0x7f8f26b048b0>, main=<bound method BuildVerb.main of <colcon_core.verb.build.BuildVerb object at 0x7f8f26b048b0>>)
[0.278s] Level 1:colcon.colcon_core.package_discovery:discover_packages(colcon_meta) check parameters
[0.278s] Level 1:colcon.colcon_core.package_discovery:discover_packages(recursive) check parameters
[0.278s] Level 1:colcon.colcon_core.package_discovery:discover_packages(ignore) check parameters
[0.278s] Level 1:colcon.colcon_core.package_discovery:discover_packages(path) check parameters
[0.278s] Level 1:colcon.colcon_core.package_discovery:discover_packages(colcon_meta) discover
[0.278s] Level 1:colcon.colcon_core.package_discovery:discover_packages(recursive) discover
[0.278s] INFO:colcon.colcon_core.package_discovery:Crawling recursively for packages in '/home/ros2/ros2_ws'
[0.278s] Level 1:colcon.colcon_core.package_identification:_identify(.) by extensions ['ignore', 'ignore_ament_install']
[0.278s] Level 1:colcon.colcon_core.package_identification:_identify(.) by extension 'ignore'
[0.279s] Level 1:colcon.colcon_core.package_identification:_identify(.) by extension 'ignore_ament_install'
[0.279s] Level 1:colcon.colcon_core.package_identification:_identify(.) by extensions ['colcon_pkg']
[0.279s] Level 1:colcon.colcon_core.package_identification:_identify(.) by extension 'colcon_pkg'
[0.279s] Level 1:colcon.colcon_core.package_identification:_identify(.) by extensions ['colcon_meta']
[0.279s] Level 1:colcon.colcon_core.package_identification:_identify(.) by extension 'colcon_meta'
[0.279s] Level 1:colcon.colcon_core.package_identification:_identify(.) by extensions ['ros']
[0.279s] Level 1:colcon.colcon_core.package_identification:_identify(.) by extension 'ros'
[0.288s] Level 1:colcon.colcon_core.package_identification:_identify(.) by extensions ['cmake', 'python']
[0.288s] Level 1:colcon.colcon_core.package_identification:_identify(.) by extension 'cmake'
[0.288s] Level 1:colcon.colcon_core.package_identification:_identify(.) by extension 'python'
[0.288s] Level 1:colcon.colcon_core.package_identification:_identify(.) by extensions ['python_setup_py']
[0.288s] Level 1:colcon.colcon_core.package_identification:_identify(.) by extension 'python_setup_py'
[0.288s] Level 1:colcon.colcon_core.package_identification:_identify(build) by extensions ['ignore', 'ignore_ament_install']
[0.288s] Level 1:colcon.colcon_core.package_identification:_identify(build) by extension 'ignore'
[0.288s] Level 1:colcon.colcon_core.package_identification:_identify(build) ignored
[0.288s] Level 1:colcon.colcon_core.package_identification:_identify(install) by extensions ['ignore', 'ignore_ament_install']
[0.288s] Level 1:colcon.colcon_core.package_identification:_identify(install) by extension 'ignore'
[0.288s] Level 1:colcon.colcon_core.package_identification:_identify(install) ignored
[0.289s] Level 1:colcon.colcon_core.package_identification:_identify(log) by extensions ['ignore', 'ignore_ament_install']
[0.289s] Level 1:colcon.colcon_core.package_identification:_identify(log) by extension 'ignore'
[0.289s] Level 1:colcon.colcon_core.package_identification:_identify(log) ignored
[0.289s] Level 1:colcon.colcon_core.package_identification:_identify(src) by extensions ['ignore', 'ignore_ament_install']
[0.289s] Level 1:colcon.colcon_core.package_identification:_identify(src) by extension 'ignore'
[0.289s] Level 1:colcon.colcon_core.package_identification:_identify(src) by extension 'ignore_ament_install'
[0.289s] Level 1:colcon.colcon_core.package_identification:_identify(src) by extensions ['colcon_pkg']
[0.289s] Level 1:colcon.colcon_core.package_identification:_identify(src) by extension 'colcon_pkg'
[0.289s] Level 1:colcon.colcon_core.package_identification:_identify(src) by extensions ['colcon_meta']
[0.289s] Level 1:colcon.colcon_core.package_identification:_identify(src) by extension 'colcon_meta'
[0.289s] Level 1:colcon.colcon_core.package_identification:_identify(src) by extensions ['ros']
[0.289s] Level 1:colcon.colcon_core.package_identification:_identify(src) by extension 'ros'
[0.289s] Level 1:colcon.colcon_core.package_identification:_identify(src) by extensions ['cmake', 'python']
[0.289s] Level 1:colcon.colcon_core.package_identification:_identify(src) by extension 'cmake'
[0.289s] Level 1:colcon.colcon_core.package_identification:_identify(src) by extension 'python'
[0.289s] Level 1:colcon.colcon_core.package_identification:_identify(src) by extensions ['python_setup_py']
[0.289s] Level 1:colcon.colcon_core.package_identification:_identify(src) by extension 'python_setup_py'
[0.289s] Level 1:colcon.colcon_core.package_identification:_identify(src/smart_car) by extensions ['ignore', 'ignore_ament_install']
[0.289s] Level 1:colcon.colcon_core.package_identification:_identify(src/smart_car) by extension 'ignore'
[0.289s] Level 1:colcon.colcon_core.package_identification:_identify(src/smart_car) by extension 'ignore_ament_install'
[0.289s] Level 1:colcon.colcon_core.package_identification:_identify(src/smart_car) by extensions ['colcon_pkg']
[0.289s] Level 1:colcon.colcon_core.package_identification:_identify(src/smart_car) by extension 'colcon_pkg'
[0.289s] Level 1:colcon.colcon_core.package_identification:_identify(src/smart_car) by extensions ['colcon_meta']
[0.289s] Level 1:colcon.colcon_core.package_identification:_identify(src/smart_car) by extension 'colcon_meta'
[0.289s] Level 1:colcon.colcon_core.package_identification:_identify(src/smart_car) by extensions ['ros']
[0.289s] Level 1:colcon.colcon_core.package_identification:_identify(src/smart_car) by extension 'ros'
[0.292s] DEBUG:colcon.colcon_core.package_identification:Package 'src/smart_car' with type 'ros.ament_cmake' and name 'smart_car'
[0.292s] Level 1:colcon.colcon_core.package_identification:_identify(src/smartcar_msgs) by extensions ['ignore', 'ignore_ament_install']
[0.292s] Level 1:colcon.colcon_core.package_identification:_identify(src/smartcar_msgs) by extension 'ignore'
[0.292s] Level 1:colcon.colcon_core.package_identification:_identify(src/smartcar_msgs) by extension 'ignore_ament_install'
[0.292s] Level 1:colcon.colcon_core.package_identification:_identify(src/smartcar_msgs) by extensions ['colcon_pkg']
[0.292s] Level 1:colcon.colcon_core.package_identification:_identify(src/smartcar_msgs) by extension 'colcon_pkg'
[0.292s] Level 1:colcon.colcon_core.package_identification:_identify(src/smartcar_msgs) by extensions ['colcon_meta']
[0.292s] Level 1:colcon.colcon_core.package_identification:_identify(src/smartcar_msgs) by extension 'colcon_meta'
[0.292s] Level 1:colcon.colcon_core.package_identification:_identify(src/smartcar_msgs) by extensions ['ros']
[0.292s] Level 1:colcon.colcon_core.package_identification:_identify(src/smartcar_msgs) by extension 'ros'
[0.293s] DEBUG:colcon.colcon_core.package_identification:Package 'src/smartcar_msgs' with type 'ros.ament_cmake' and name 'smartcar_msgs'
[0.293s] Level 1:colcon.colcon_core.package_identification:_identify(src/urdf) by extensions ['ignore', 'ignore_ament_install']
[0.293s] Level 1:colcon.colcon_core.package_identification:_identify(src/urdf) by extension 'ignore'
[0.293s] Level 1:colcon.colcon_core.package_identification:_identify(src/urdf) by extension 'ignore_ament_install'
[0.293s] Level 1:colcon.colcon_core.package_identification:_identify(src/urdf) by extensions ['colcon_pkg']
[0.293s] Level 1:colcon.colcon_core.package_identification:_identify(src/urdf) by extension 'colcon_pkg'
[0.293s] Level 1:colcon.colcon_core.package_identification:_identify(src/urdf) by extensions ['colcon_meta']
[0.293s] Level 1:colcon.colcon_core.package_identification:_identify(src/urdf) by extension 'colcon_meta'
[0.293s] Level 1:colcon.colcon_core.package_identification:_identify(src/urdf) by extensions ['ros']
[0.293s] Level 1:colcon.colcon_core.package_identification:_identify(src/urdf) by extension 'ros'
[0.293s] Level 1:colcon.colcon_core.package_identification:_identify(src/urdf) by extensions ['cmake', 'python']
[0.293s] Level 1:colcon.colcon_core.package_identification:_identify(src/urdf) by extension 'cmake'
[0.293s] Level 1:colcon.colcon_core.package_identification:_identify(src/urdf) by extension 'python'
[0.293s] Level 1:colcon.colcon_core.package_identification:_identify(src/urdf) by extensions ['python_setup_py']
[0.293s] Level 1:colcon.colcon_core.package_identification:_identify(src/urdf) by extension 'python_setup_py'
[0.293s] Level 1:colcon.colcon_core.package_identification:_identify(src/urdf/__pycache__) by extensions ['ignore', 'ignore_ament_install']
[0.293s] Level 1:colcon.colcon_core.package_identification:_identify(src/urdf/__pycache__) by extension 'ignore'
[0.294s] Level 1:colcon.colcon_core.package_identification:_identify(src/urdf/__pycache__) by extension 'ignore_ament_install'
[0.294s] Level 1:colcon.colcon_core.package_identification:_identify(src/urdf/__pycache__) by extensions ['colcon_pkg']
[0.294s] Level 1:colcon.colcon_core.package_identification:_identify(src/urdf/__pycache__) by extension 'colcon_pkg'
[0.294s] Level 1:colcon.colcon_core.package_identification:_identify(src/urdf/__pycache__) by extensions ['colcon_meta']
[0.294s] Level 1:colcon.colcon_core.package_identification:_identify(src/urdf/__pycache__) by extension 'colcon_meta'
[0.294s] Level 1:colcon.colcon_core.package_identification:_identify(src/urdf/__pycache__) by extensions ['ros']
[0.294s] Level 1:colcon.colcon_core.package_identification:_identify(src/urdf/__pycache__) by extension 'ros'
[0.294s] Level 1:colcon.colcon_core.package_identification:_identify(src/urdf/__pycache__) by extensions ['cmake', 'python']
[0.294s] Level 1:colcon.colcon_core.package_identification:_identify(src/urdf/__pycache__) by extension 'cmake'
[0.294s] Level 1:colcon.colcon_core.package_identification:_identify(src/urdf/__pycache__) by extension 'python'
[0.294s] Level 1:colcon.colcon_core.package_identification:_identify(src/urdf/__pycache__) by extensions ['python_setup_py']
[0.294s] Level 1:colcon.colcon_core.package_identification:_identify(src/urdf/__pycache__) by extension 'python_setup_py'
[0.294s] Level 1:colcon.colcon_core.package_discovery:discover_packages(recursive) using defaults
[0.294s] Level 1:colcon.colcon_core.package_discovery:discover_packages(ignore) discover
[0.294s] Level 1:colcon.colcon_core.package_discovery:discover_packages(ignore) using defaults
[0.294s] Level 1:colcon.colcon_core.package_discovery:discover_packages(path) discover
[0.294s] Level 1:colcon.colcon_core.package_discovery:discover_packages(path) using defaults
[0.312s] Level 1:colcon.colcon_core.package_discovery:discover_packages(prefix_path) check parameters
[0.312s] Level 1:colcon.colcon_core.package_discovery:discover_packages(prefix_path) discover
[0.313s] DEBUG:colcon.colcon_installed_package_information.package_discovery:Found 2 installed packages in /home/ros2/ros2_ws/install
[0.315s] DEBUG:colcon.colcon_installed_package_information.package_discovery:Found 280 installed packages in /opt/ros/humble
[0.316s] Level 1:colcon.colcon_core.package_discovery:discover_packages(prefix_path) using defaults
[0.359s] Level 5:colcon.colcon_core.verb:set package 'smart_car' build argument 'cmake_args' from command line to 'None'
[0.359s] Level 5:colcon.colcon_core.verb:set package 'smart_car' build argument 'cmake_target' from command line to 'None'
[0.359s] Level 5:colcon.colcon_core.verb:set package 'smart_car' build argument 'cmake_target_skip_unavailable' from command line to 'False'
[0.359s] Level 5:colcon.colcon_core.verb:set package 'smart_car' build argument 'cmake_clean_cache' from command line to 'False'
[0.360s] Level 5:colcon.colcon_core.verb:set package 'smart_car' build argument 'cmake_clean_first' from command line to 'False'
[0.360s] Level 5:colcon.colcon_core.verb:set package 'smart_car' build argument 'cmake_force_configure' from command line to 'False'
[0.360s] Level 5:colcon.colcon_core.verb:set package 'smart_car' build argument 'ament_cmake_args' from command line to 'None'
[0.360s] Level 5:colcon.colcon_core.verb:set package 'smart_car' build argument 'catkin_cmake_args' from command line to 'None'
[0.360s] Level 5:colcon.colcon_core.verb:set package 'smart_car' build argument 'catkin_skip_building_tests' from command line to 'False'
[0.360s] DEBUG:colcon.colcon_core.verb:Building package 'smart_car' with the following arguments: {'ament_cmake_args': None, 'build_base': '/home/ros2/ros2_ws/build/smart_car', 'catkin_cmake_args': None, 'catkin_skip_building_tests': False, 'cmake_args': None, 'cmake_clean_cache': False, 'cmake_clean_first': False, 'cmake_force_configure': False, 'cmake_target': None, 'cmake_target_skip_unavailable': False, 'install_base': '/home/ros2/ros2_ws/install/smart_car', 'merge_install': False, 'path': '/home/ros2/ros2_ws/src/smart_car', 'symlink_install': True, 'test_result_base': None}
[0.360s] Level 5:colcon.colcon_core.verb:set package 'smartcar_msgs' build argument 'cmake_args' from command line to 'None'
[0.360s] Level 5:colcon.colcon_core.verb:set package 'smartcar_msgs' build argument 'cmake_target' from command line to 'None'
[0.360s] Level 5:colcon.colcon_core.verb:set package 'smartcar_msgs' build argument 'cmake_target_skip_unavailable' from command line to 'False'
[0.360s] Level 5:colcon.colcon_core.verb:set package 'smartcar_msgs' build argument 'cmake_clean_cache' from command line to 'False'
[0.360s] Level 5:colcon.colcon_core.verb:set package 'smartcar_msgs' build argument 'cmake_clean_first' from command line to 'False'
[0.360s] Level 5:colcon.colcon_core.verb:set package 'smartcar_msgs' build argument 'cmake_force_configure' from command line to 'False'
[0.360s] Level 5:colcon.colcon_core.verb:set package 'smartcar_msgs' build argument 'ament_cmake_args' from command line to 'None'
[0.360s] Level 5:colcon.colcon_core.verb:set package 'smartcar_msgs' build argument 'catkin_cmake_args' from command line to 'None'
[0.360s] Level 5:colcon.colcon_core.verb:set package 'smartcar_msgs' build argument 'catkin_skip_building_tests' from command line to 'False'
[0.360s] DEBUG:colcon.colcon_core.verb:Building package 'smartcar_msgs' with the following arguments: {'ament_cmake_args': None, 'build_base': '/home/ros2/ros2_ws/build/smartcar_msgs', 'catkin_cmake_args': None, 'catkin_skip_building_tests': False, 'cmake_args': None, 'cmake_clean_cache': False, 'cmake_clean_first': False, 'cmake_force_configure': False, 'cmake_target': None, 'cmake_target_skip_unavailable': False, 'install_base': '/home/ros2/ros2_ws/install/smartcar_msgs', 'merge_install': False, 'path': '/home/ros2/ros2_ws/src/smartcar_msgs', 'symlink_install': True, 'test_result_base': None}
[0.360s] INFO:colcon.colcon_core.executor:Executing jobs using 'parallel' executor
[0.361s] DEBUG:colcon.colcon_parallel_executor.executor.parallel:run_until_complete
[0.362s] INFO:colcon.colcon_ros.task.ament_cmake.build:Building ROS package in '/home/ros2/ros2_ws/src/smart_car' with build type 'ament_cmake'
[0.362s] INFO:colcon.colcon_cmake.task.cmake.build:Building CMake package in '/home/ros2/ros2_ws/src/smart_car'
[0.364s] INFO:colcon.colcon_core.plugin_system:Skipping extension 'colcon_core.shell.bat': Not used on non-Windows systems
[0.364s] INFO:colcon.colcon_core.shell:Skip shell extension 'powershell' for command environment: Not usable outside of PowerShell
[0.365s] DEBUG:colcon.colcon_core.shell:Skip shell extension 'dsv' for command environment
[0.368s] INFO:colcon.colcon_ros.task.ament_cmake.build:Building ROS package in '/home/ros2/ros2_ws/src/smartcar_msgs' with build type 'ament_cmake'
[0.368s] INFO:colcon.colcon_cmake.task.cmake.build:Building CMake package in '/home/ros2/ros2_ws/src/smartcar_msgs'
[0.369s] INFO:colcon.colcon_core.shell:Skip shell extension 'powershell' for command environment: Not usable outside of PowerShell
[0.369s] DEBUG:colcon.colcon_core.shell:Skip shell extension 'dsv' for command environment
[0.385s] DEBUG:colcon.colcon_core.event_handler.log_command:Invoking command in '/home/ros2/ros2_ws/build/smart_car': CMAKE_PREFIX_PATH=${CMAKE_PREFIX_PATH}:/opt/ros/humble /usr/bin/cmake --build /home/ros2/ros2_ws/build/smart_car -- -j16 -l16
[0.391s] DEBUG:colcon.colcon_core.event_handler.log_command:Invoking command in '/home/ros2/ros2_ws/build/smartcar_msgs': CMAKE_PREFIX_PATH=${CMAKE_PREFIX_PATH}:/opt/ros/humble /usr/bin/cmake --build /home/ros2/ros2_ws/build/smartcar_msgs -- -j16 -l16
[0.719s] DEBUG:colcon.colcon_core.event_handler.log_command:Invoked command in '/home/ros2/ros2_ws/build/smart_car' returned '0': CMAKE_PREFIX_PATH=${CMAKE_PREFIX_PATH}:/opt/ros/humble /usr/bin/cmake --build /home/ros2/ros2_ws/build/smart_car -- -j16 -l16
[0.725s] DEBUG:colcon.colcon_core.event_handler.log_command:Invoked command in '/home/ros2/ros2_ws/build/smartcar_msgs' returned '0': CMAKE_PREFIX_PATH=${CMAKE_PREFIX_PATH}:/opt/ros/humble /usr/bin/cmake --build /home/ros2/ros2_ws/build/smartcar_msgs -- -j16 -l16
[0.756s] DEBUG:colcon.colcon_core.event_handler.log_command:Invoking command in '/home/ros2/ros2_ws/build/smart_car': CMAKE_PREFIX_PATH=${CMAKE_PREFIX_PATH}:/opt/ros/humble /usr/bin/cmake --install /home/ros2/ros2_ws/build/smart_car
[0.801s] DEBUG:colcon.colcon_core.event_handler.log_command:Invoking command in '/home/ros2/ros2_ws/build/smartcar_msgs': CMAKE_PREFIX_PATH=${CMAKE_PREFIX_PATH}:/opt/ros/humble /usr/bin/cmake --install /home/ros2/ros2_ws/build/smartcar_msgs
[0.819s] Level 1:colcon.colcon_core.environment:create_environment_scripts_only(smart_car)
[0.830s] Level 1:colcon.colcon_core.environment:checking '/home/ros2/ros2_ws/install/smart_car' for CMake module files
[0.833s] Level 1:colcon.colcon_core.environment:checking '/home/ros2/ros2_ws/install/smart_car' for CMake config files
[0.833s] DEBUG:colcon.colcon_core.event_handler.log_command:Invoked command in '/home/ros2/ros2_ws/build/smart_car' returned '0': CMAKE_PREFIX_PATH=${CMAKE_PREFIX_PATH}:/opt/ros/humble /usr/bin/cmake --install /home/ros2/ros2_ws/build/smart_car
[0.838s] Level 1:colcon.colcon_core.shell:create_environment_hook('smart_car', 'cmake_prefix_path')
[0.838s] INFO:colcon.colcon_core.shell:Creating environment hook '/home/ros2/ros2_ws/install/smart_car/share/smart_car/hook/cmake_prefix_path.ps1'
[0.839s] INFO:colcon.colcon_core.shell:Creating environment descriptor '/home/ros2/ros2_ws/install/smart_car/share/smart_car/hook/cmake_prefix_path.dsv'
[0.839s] INFO:colcon.colcon_core.shell:Creating environment hook '/home/ros2/ros2_ws/install/smart_car/share/smart_car/hook/cmake_prefix_path.sh'
[0.840s] Level 1:colcon.colcon_core.environment:checking '/home/ros2/ros2_ws/install/smart_car/lib'
[0.841s] Level 1:colcon.colcon_core.environment:checking '/home/ros2/ros2_ws/install/smart_car/libs'
[0.841s] Level 1:colcon.colcon_core.environment:checking '/home/ros2/ros2_ws/install/smart_car/bin'
[0.841s] Level 1:colcon.colcon_core.environment:checking '/home/ros2/ros2_ws/install/smart_car/lib/pkgconfig/smart_car.pc'
[0.841s] Level 1:colcon.colcon_core.environment:checking '/home/ros2/ros2_ws/install/smart_car/lib/python3.10/site-packages'
[0.841s] Level 1:colcon.colcon_core.environment:checking '/home/ros2/ros2_ws/install/smart_car/bin'
[0.842s] INFO:colcon.colcon_core.shell:Creating package script '/home/ros2/ros2_ws/install/smart_car/share/smart_car/package.ps1'
[0.843s] INFO:colcon.colcon_core.shell:Creating package descriptor '/home/ros2/ros2_ws/install/smart_car/share/smart_car/package.dsv'
[0.844s] INFO:colcon.colcon_core.shell:Creating package script '/home/ros2/ros2_ws/install/smart_car/share/smart_car/package.sh'
[0.845s] INFO:colcon.colcon_core.shell:Creating package script '/home/ros2/ros2_ws/install/smart_car/share/smart_car/package.bash'
[0.845s] INFO:colcon.colcon_core.shell:Creating package script '/home/ros2/ros2_ws/install/smart_car/share/smart_car/package.zsh'
[0.846s] Level 1:colcon.colcon_core.environment:create_file_with_runtime_dependencies(/home/ros2/ros2_ws/install/smart_car/share/colcon-core/packages/smart_car)
[0.870s] Level 1:colcon.colcon_core.environment:create_environment_scripts_only(smartcar_msgs)
[0.871s] Level 1:colcon.colcon_core.environment:checking '/home/ros2/ros2_ws/install/smartcar_msgs' for CMake module files
[0.873s] DEBUG:colcon.colcon_core.event_handler.log_command:Invoked command in '/home/ros2/ros2_ws/build/smartcar_msgs' returned '0': CMAKE_PREFIX_PATH=${CMAKE_PREFIX_PATH}:/opt/ros/humble /usr/bin/cmake --install /home/ros2/ros2_ws/build/smartcar_msgs
[0.874s] Level 1:colcon.colcon_core.environment:checking '/home/ros2/ros2_ws/install/smartcar_msgs' for CMake config files
[0.874s] Level 1:colcon.colcon_core.shell:create_environment_hook('smartcar_msgs', 'cmake_prefix_path')
[0.875s] INFO:colcon.colcon_core.shell:Creating environment hook '/home/ros2/ros2_ws/install/smartcar_msgs/share/smartcar_msgs/hook/cmake_prefix_path.ps1'
[0.875s] INFO:colcon.colcon_core.shell:Creating environment descriptor '/home/ros2/ros2_ws/install/smartcar_msgs/share/smartcar_msgs/hook/cmake_prefix_path.dsv'
[0.876s] INFO:colcon.colcon_core.shell:Creating environment hook '/home/ros2/ros2_ws/install/smartcar_msgs/share/smartcar_msgs/hook/cmake_prefix_path.sh'
[0.876s] Level 1:colcon.colcon_core.environment:checking '/home/ros2/ros2_ws/install/smartcar_msgs/lib'
[0.877s] Level 1:colcon.colcon_core.shell:create_environment_hook('smartcar_msgs', 'ld_library_path_lib')
[0.877s] INFO:colcon.colcon_core.shell:Creating environment hook '/home/ros2/ros2_ws/install/smartcar_msgs/share/smartcar_msgs/hook/ld_library_path_lib.ps1'
[0.877s] INFO:colcon.colcon_core.shell:Creating environment descriptor '/home/ros2/ros2_ws/install/smartcar_msgs/share/smartcar_msgs/hook/ld_library_path_lib.dsv'
[0.878s] INFO:colcon.colcon_core.shell:Creating environment hook '/home/ros2/ros2_ws/install/smartcar_msgs/share/smartcar_msgs/hook/ld_library_path_lib.sh'
[0.878s] Level 1:colcon.colcon_core.environment:checking '/home/ros2/ros2_ws/install/smartcar_msgs/bin'
[0.879s] Level 1:colcon.colcon_core.environment:checking '/home/ros2/ros2_ws/install/smartcar_msgs/lib/pkgconfig/smartcar_msgs.pc'
[0.879s] Level 1:colcon.colcon_core.environment:checking '/home/ros2/ros2_ws/install/smartcar_msgs/lib/python3.10/site-packages'
[0.879s] Level 1:colcon.colcon_core.environment:checking '/home/ros2/ros2_ws/install/smartcar_msgs/bin'
[0.879s] INFO:colcon.colcon_core.shell:Creating package script '/home/ros2/ros2_ws/install/smartcar_msgs/share/smartcar_msgs/package.ps1'
[0.880s] INFO:colcon.colcon_core.shell:Creating package descriptor '/home/ros2/ros2_ws/install/smartcar_msgs/share/smartcar_msgs/package.dsv'
[0.881s] INFO:colcon.colcon_core.shell:Creating package script '/home/ros2/ros2_ws/install/smartcar_msgs/share/smartcar_msgs/package.sh'
[0.881s] INFO:colcon.colcon_core.shell:Creating package script '/home/ros2/ros2_ws/install/smartcar_msgs/share/smartcar_msgs/package.bash'
[0.882s] INFO:colcon.colcon_core.shell:Creating package script '/home/ros2/ros2_ws/install/smartcar_msgs/share/smartcar_msgs/package.zsh'
[0.882s] Level 1:colcon.colcon_core.environment:create_file_with_runtime_dependencies(/home/ros2/ros2_ws/install/smartcar_msgs/share/colcon-core/packages/smartcar_msgs)
[0.884s] Level 1:colcon.colcon_core.environment:create_environment_scripts_only(smart_car)
[0.885s] Level 1:colcon.colcon_core.environment:checking '/home/ros2/ros2_ws/install/smart_car' for CMake module files
[0.885s] Level 1:colcon.colcon_core.environment:checking '/home/ros2/ros2_ws/install/smart_car' for CMake config files
[0.885s] Level 1:colcon.colcon_core.shell:create_environment_hook('smart_car', 'cmake_prefix_path')
[0.886s] INFO:colcon.colcon_core.shell:Creating environment hook '/home/ros2/ros2_ws/install/smart_car/share/smart_car/hook/cmake_prefix_path.ps1'
[0.886s] INFO:colcon.colcon_core.shell:Creating environment descriptor '/home/ros2/ros2_ws/install/smart_car/share/smart_car/hook/cmake_prefix_path.dsv'
[0.887s] INFO:colcon.colcon_core.shell:Creating environment hook '/home/ros2/ros2_ws/install/smart_car/share/smart_car/hook/cmake_prefix_path.sh'
[0.887s] Level 1:colcon.colcon_core.environment:checking '/home/ros2/ros2_ws/install/smart_car/lib'
[0.887s] Level 1:colcon.colcon_core.environment:checking '/home/ros2/ros2_ws/install/smart_car/libs'
[0.887s] Level 1:colcon.colcon_core.environment:checking '/home/ros2/ros2_ws/install/smart_car/bin'
[0.888s] Level 1:colcon.colcon_core.environment:checking '/home/ros2/ros2_ws/install/smart_car/lib/pkgconfig/smart_car.pc'
[0.888s] Level 1:colcon.colcon_core.environment:checking '/home/ros2/ros2_ws/install/smart_car/lib/python3.10/site-packages'
[0.888s] Level 1:colcon.colcon_core.environment:checking '/home/ros2/ros2_ws/install/smart_car/bin'
[0.888s] INFO:colcon.colcon_core.shell:Creating package script '/home/ros2/ros2_ws/install/smart_car/share/smart_car/package.ps1'
[0.889s] INFO:colcon.colcon_core.shell:Creating package descriptor '/home/ros2/ros2_ws/install/smart_car/share/smart_car/package.dsv'
[0.889s] INFO:colcon.colcon_core.shell:Creating package script '/home/ros2/ros2_ws/install/smart_car/share/smart_car/package.sh'
[0.890s] INFO:colcon.colcon_core.shell:Creating package script '/home/ros2/ros2_ws/install/smart_car/share/smart_car/package.bash'
[0.890s] INFO:colcon.colcon_core.shell:Creating package script '/home/ros2/ros2_ws/install/smart_car/share/smart_car/package.zsh'
[0.891s] Level 1:colcon.colcon_core.environment:create_file_with_runtime_dependencies(/home/ros2/ros2_ws/install/smart_car/share/colcon-core/packages/smart_car)
[0.958s] Level 1:colcon.colcon_core.environment:create_environment_scripts_only(smartcar_msgs)
[0.959s] Level 1:colcon.colcon_core.environment:checking '/home/ros2/ros2_ws/install/smartcar_msgs' for CMake module files
[0.959s] Level 1:colcon.colcon_core.environment:checking '/home/ros2/ros2_ws/install/smartcar_msgs' for CMake config files
[0.960s] Level 1:colcon.colcon_core.shell:create_environment_hook('smartcar_msgs', 'cmake_prefix_path')
[0.960s] INFO:colcon.colcon_core.shell:Creating environment hook '/home/ros2/ros2_ws/install/smartcar_msgs/share/smartcar_msgs/hook/cmake_prefix_path.ps1'
[0.960s] INFO:colcon.colcon_core.shell:Creating environment descriptor '/home/ros2/ros2_ws/install/smartcar_msgs/share/smartcar_msgs/hook/cmake_prefix_path.dsv'
[0.961s] INFO:colcon.colcon_core.shell:Creating environment hook '/home/ros2/ros2_ws/install/smartcar_msgs/share/smartcar_msgs/hook/cmake_prefix_path.sh'
[0.961s] Level 1:colcon.colcon_core.environment:checking '/home/ros2/ros2_ws/install/smartcar_msgs/lib'
[0.961s] Level 1:colcon.colcon_core.shell:create_environment_hook('smartcar_msgs', 'ld_library_path_lib')
[0.962s] INFO:colcon.colcon_core.shell:Creating environment hook '/home/ros2/ros2_ws/install/smartcar_msgs/share/smartcar_msgs/hook/ld_library_path_lib.ps1'
[0.962s] INFO:colcon.colcon_core.shell:Creating environment descriptor '/home/ros2/ros2_ws/install/smartcar_msgs/share/smartcar_msgs/hook/ld_library_path_lib.dsv'
[0.962s] INFO:colcon.colcon_core.shell:Creating environment hook '/home/ros2/ros2_ws/install/smartcar_msgs/share/smartcar_msgs/hook/ld_library_path_lib.sh'
[0.962s] Level 1:colcon.colcon_core.environment:checking '/home/ros2/ros2_ws/install/smartcar_msgs/bin'
[0.963s] Level 1:colcon.colcon_core.environment:checking '/home/ros2/ros2_ws/install/smartcar_msgs/lib/pkgconfig/smartcar_msgs.pc'
[0.963s] Level 1:colcon.colcon_core.environment:checking '/home/ros2/ros2_ws/install/smartcar_msgs/lib/python3.10/site-packages'
[0.963s] Level 1:colcon.colcon_core.environment:checking '/home/ros2/ros2_ws/install/smartcar_msgs/bin'
[0.963s] INFO:colcon.colcon_core.shell:Creating package script '/home/ros2/ros2_ws/install/smartcar_msgs/share/smartcar_msgs/package.ps1'
[0.964s] INFO:colcon.colcon_core.shell:Creating package descriptor '/home/ros2/ros2_ws/install/smartcar_msgs/share/smartcar_msgs/package.dsv'
[0.965s] INFO:colcon.colcon_core.shell:Creating package script '/home/ros2/ros2_ws/install/smartcar_msgs/share/smartcar_msgs/package.sh'
[0.965s] INFO:colcon.colcon_core.shell:Creating package script '/home/ros2/ros2_ws/install/smartcar_msgs/share/smartcar_msgs/package.bash'
[0.966s] INFO:colcon.colcon_core.shell:Creating package script '/home/ros2/ros2_ws/install/smartcar_msgs/share/smartcar_msgs/package.zsh'
[0.966s] Level 1:colcon.colcon_core.environment:create_file_with_runtime_dependencies(/home/ros2/ros2_ws/install/smartcar_msgs/share/colcon-core/packages/smartcar_msgs)
[0.966s] DEBUG:colcon.colcon_parallel_executor.executor.parallel:closing loop
[0.967s] DEBUG:colcon.colcon_parallel_executor.executor.parallel:loop closed
[0.967s] DEBUG:colcon.colcon_parallel_executor.executor.parallel:run_until_complete finished with '0'
[0.968s] DEBUG:colcon.colcon_core.event_reactor:joining thread
[1.010s] INFO:colcon.colcon_core.plugin_system:Skipping extension 'colcon_notification.desktop_notification.notify_send': Could not find 'notify-send'
[1.010s] INFO:colcon.colcon_core.plugin_system:Skipping extension 'colcon_notification.desktop_notification.terminal_notifier': Not used on non-Darwin systems
[1.010s] INFO:colcon.colcon_core.plugin_system:Skipping extension 'colcon_notification.desktop_notification.win32': Not used on non-Windows systems
[1.010s] INFO:colcon.colcon_notification.desktop_notification:Sending desktop notification using 'notify2'
[1.012s] DEBUG:colcon.colcon_notification.desktop_notification.notify2:Failed to initialize notify2: org.freedesktop.DBus.Error.ServiceUnknown: The name org.freedesktop.Notifications was not provided by any .service files
[1.012s] DEBUG:colcon.colcon_core.event_reactor:joined thread
[1.012s] INFO:colcon.colcon_core.shell:Creating prefix script '/home/ros2/ros2_ws/install/local_setup.ps1'
[1.013s] INFO:colcon.colcon_core.shell:Creating prefix util module '/home/ros2/ros2_ws/install/_local_setup_util_ps1.py'
[1.014s] INFO:colcon.colcon_core.shell:Creating prefix chain script '/home/ros2/ros2_ws/install/setup.ps1'
[1.015s] INFO:colcon.colcon_core.shell:Creating prefix script '/home/ros2/ros2_ws/install/local_setup.sh'
[1.016s] INFO:colcon.colcon_core.shell:Creating prefix util module '/home/ros2/ros2_ws/install/_local_setup_util_sh.py'
[1.016s] INFO:colcon.colcon_core.shell:Creating prefix chain script '/home/ros2/ros2_ws/install/setup.sh'
[1.017s] INFO:colcon.colcon_core.shell:Creating prefix script '/home/ros2/ros2_ws/install/local_setup.bash'
[1.018s] INFO:colcon.colcon_core.shell:Creating prefix chain script '/home/ros2/ros2_ws/install/setup.bash'
[1.019s] INFO:colcon.colcon_core.shell:Creating prefix script '/home/ros2/ros2_ws/install/local_setup.zsh'
[1.019s] INFO:colcon.colcon_core.shell:Creating prefix chain script '/home/ros2/ros2_ws/install/setup.zsh'
