[0.034s] Invoking command in '/home/ros2/ros2_ws/build/smartcar_msgs': CMAKE_PREFIX_PATH=${CMAKE_PREFIX_PATH}:/opt/ros/humble /usr/bin/cmake --build /home/ros2/ros2_ws/build/smartcar_msgs -- -j16 -l16
[0.116s] [  3%] Built target smartcar_msgs__cpp
[0.121s] [ 12%] Built target smartcar_msgs__rosidl_generator_c
[0.129s] [ 12%] Built target ament_cmake_python_symlink_smartcar_msgs
[0.154s] [ 22%] Built target smartcar_msgs__rosidl_typesupport_cpp
[0.156s] [ 32%] Built target smartcar_msgs__rosidl_typesupport_introspection_cpp
[0.157s] [ 41%] Built target smartcar_msgs__rosidl_typesupport_fastrtps_cpp
[0.159s] [ 61%] Built target smartcar_msgs__rosidl_typesupport_introspection_c
[0.160s] [ 61%] Built target smartcar_msgs__rosidl_typesupport_c
[0.162s] [ 70%] Built target smartcar_msgs__rosidl_typesupport_fastrtps_c
[0.191s] [ 70%] Built target smartcar_msgs
[0.225s] [ 74%] Built target smartcar_msgs__py
[0.267s] [ 80%] Built target smartcar_msgs__rosidl_generator_py
[0.307s] [ 93%] Built target smartcar_msgs__rosidl_typesupport_fastrtps_c__pyext
[0.307s] [ 93%] Built target smartcar_msgs__rosidl_typesupport_introspection_c__pyext
[0.309s] [100%] Built target smartcar_msgs__rosidl_typesupport_c__pyext
[0.525s] running egg_info
[0.527s] writing smartcar_msgs.egg-info/PKG-INFO
[0.527s] writing dependency_links to smartcar_msgs.egg-info/dependency_links.txt
[0.528s] writing top-level names to smartcar_msgs.egg-info/top_level.txt
[0.531s] reading manifest file 'smartcar_msgs.egg-info/SOURCES.txt'
[0.532s] writing manifest file 'smartcar_msgs.egg-info/SOURCES.txt'
[0.586s] [100%] Built target ament_cmake_python_build_smartcar_msgs_egg
[0.606s] Invoked command in '/home/ros2/ros2_ws/build/smartcar_msgs' returned '0': CMAKE_PREFIX_PATH=${CMAKE_PREFIX_PATH}:/opt/ros/humble /usr/bin/cmake --build /home/ros2/ros2_ws/build/smartcar_msgs -- -j16 -l16
[0.725s] Invoking command in '/home/ros2/ros2_ws/build/smartcar_msgs': CMAKE_PREFIX_PATH=${CMAKE_PREFIX_PATH}:/opt/ros/humble /usr/bin/cmake --install /home/ros2/ros2_ws/build/smartcar_msgs
[0.736s] -- Install configuration: ""
[0.737s] -- Execute custom install script
[0.738s] -- Up-to-date symlink: /home/ros2/ros2_ws/install/smartcar_msgs/share/ament_index/resource_index/rosidl_interfaces/smartcar_msgs
[0.739s] -- Up-to-date symlink: /home/ros2/ros2_ws/install/smartcar_msgs/include/smartcar_msgs/smartcar_msgs/msg/detail/status__functions.h
[0.741s] -- Up-to-date symlink: /home/ros2/ros2_ws/install/smartcar_msgs/include/smartcar_msgs/smartcar_msgs/msg/detail/status__struct.h
[0.743s] -- Up-to-date symlink: /home/ros2/ros2_ws/install/smartcar_msgs/include/smartcar_msgs/smartcar_msgs/msg/detail/status__type_support.h
[0.744s] -- Up-to-date symlink: /home/ros2/ros2_ws/install/smartcar_msgs/include/smartcar_msgs/smartcar_msgs/msg/rosidl_generator_c__visibility_control.h
[0.745s] -- Up-to-date symlink: /home/ros2/ros2_ws/install/smartcar_msgs/include/smartcar_msgs/smartcar_msgs/msg/status.h
[0.745s] -- Up-to-date symlink: /home/ros2/ros2_ws/install/smartcar_msgs/share/smartcar_msgs/environment/library_path.sh
[0.747s] -- Up-to-date symlink: /home/ros2/ros2_ws/install/smartcar_msgs/share/smartcar_msgs/environment/library_path.dsv
[0.747s] -- Up-to-date symlink: /home/ros2/ros2_ws/install/smartcar_msgs/include/smartcar_msgs/smartcar_msgs/msg/detail/status__rosidl_typesupport_fastrtps_c.h
[0.748s] -- Up-to-date symlink: /home/ros2/ros2_ws/install/smartcar_msgs/include/smartcar_msgs/smartcar_msgs/msg/rosidl_typesupport_fastrtps_c__visibility_control.h
[0.750s] -- Up-to-date symlink: /home/ros2/ros2_ws/install/smartcar_msgs/include/smartcar_msgs/smartcar_msgs/msg/detail/status__builder.hpp
[0.751s] -- Up-to-date symlink: /home/ros2/ros2_ws/install/smartcar_msgs/include/smartcar_msgs/smartcar_msgs/msg/detail/status__struct.hpp
[0.751s] -- Up-to-date symlink: /home/ros2/ros2_ws/install/smartcar_msgs/include/smartcar_msgs/smartcar_msgs/msg/detail/status__traits.hpp
[0.753s] -- Up-to-date symlink: /home/ros2/ros2_ws/install/smartcar_msgs/include/smartcar_msgs/smartcar_msgs/msg/status.hpp
[0.754s] -- Up-to-date symlink: /home/ros2/ros2_ws/install/smartcar_msgs/include/smartcar_msgs/smartcar_msgs/msg/detail/status__rosidl_typesupport_fastrtps_cpp.hpp
[0.755s] -- Up-to-date symlink: /home/ros2/ros2_ws/install/smartcar_msgs/include/smartcar_msgs/smartcar_msgs/msg/rosidl_typesupport_fastrtps_cpp__visibility_control.h
[0.757s] -- Up-to-date symlink: /home/ros2/ros2_ws/install/smartcar_msgs/include/smartcar_msgs/smartcar_msgs/msg/detail/status__rosidl_typesupport_introspection_c.h
[0.758s] -- Up-to-date symlink: /home/ros2/ros2_ws/install/smartcar_msgs/include/smartcar_msgs/smartcar_msgs/msg/rosidl_typesupport_introspection_c__visibility_control.h
[0.760s] -- Up-to-date symlink: /home/ros2/ros2_ws/install/smartcar_msgs/include/smartcar_msgs/smartcar_msgs/msg/detail/status__rosidl_typesupport_introspection_cpp.hpp
[0.760s] -- Up-to-date symlink: /home/ros2/ros2_ws/install/smartcar_msgs/share/smartcar_msgs/environment/pythonpath.sh
[0.761s] -- Up-to-date symlink: /home/ros2/ros2_ws/install/smartcar_msgs/share/smartcar_msgs/environment/pythonpath.dsv
[0.761s] -- Up-to-date symlink: /home/ros2/ros2_ws/install/smartcar_msgs/local/lib/python3.10/dist-packages/smartcar_msgs-0.0.0-py3.10.egg-info/PKG-INFO
[0.762s] -- Up-to-date symlink: /home/ros2/ros2_ws/install/smartcar_msgs/local/lib/python3.10/dist-packages/smartcar_msgs-0.0.0-py3.10.egg-info/SOURCES.txt
[0.763s] -- Up-to-date symlink: /home/ros2/ros2_ws/install/smartcar_msgs/local/lib/python3.10/dist-packages/smartcar_msgs-0.0.0-py3.10.egg-info/dependency_links.txt
[0.765s] -- Up-to-date symlink: /home/ros2/ros2_ws/install/smartcar_msgs/local/lib/python3.10/dist-packages/smartcar_msgs-0.0.0-py3.10.egg-info/top_level.txt
[0.766s] -- Up-to-date symlink: /home/ros2/ros2_ws/install/smartcar_msgs/local/lib/python3.10/dist-packages/smartcar_msgs/__init__.py
[0.767s] -- Up-to-date symlink: /home/ros2/ros2_ws/install/smartcar_msgs/local/lib/python3.10/dist-packages/smartcar_msgs/_smartcar_msgs_s.ep.rosidl_typesupport_c.c
[0.767s] -- Up-to-date symlink: /home/ros2/ros2_ws/install/smartcar_msgs/local/lib/python3.10/dist-packages/smartcar_msgs/_smartcar_msgs_s.ep.rosidl_typesupport_fastrtps_c.c
[0.768s] -- Up-to-date symlink: /home/ros2/ros2_ws/install/smartcar_msgs/local/lib/python3.10/dist-packages/smartcar_msgs/_smartcar_msgs_s.ep.rosidl_typesupport_introspection_c.c
[0.768s] -- Up-to-date symlink: /home/ros2/ros2_ws/install/smartcar_msgs/local/lib/python3.10/dist-packages/smartcar_msgs/libsmartcar_msgs__rosidl_generator_py.so
[0.769s] -- Up-to-date symlink: /home/ros2/ros2_ws/install/smartcar_msgs/local/lib/python3.10/dist-packages/smartcar_msgs/msg/__init__.py
[0.770s] -- Up-to-date symlink: /home/ros2/ros2_ws/install/smartcar_msgs/local/lib/python3.10/dist-packages/smartcar_msgs/msg/_status.py
[0.771s] -- Up-to-date symlink: /home/ros2/ros2_ws/install/smartcar_msgs/local/lib/python3.10/dist-packages/smartcar_msgs/msg/_status_s.c
[0.773s] -- Up-to-date symlink: /home/ros2/ros2_ws/install/smartcar_msgs/local/lib/python3.10/dist-packages/smartcar_msgs/smartcar_msgs_s__rosidl_typesupport_c.cpython-310-x86_64-linux-gnu.so
[0.774s] -- Up-to-date symlink: /home/ros2/ros2_ws/install/smartcar_msgs/local/lib/python3.10/dist-packages/smartcar_msgs/smartcar_msgs_s__rosidl_typesupport_fastrtps_c.cpython-310-x86_64-linux-gnu.so
[0.776s] -- Up-to-date symlink: /home/ros2/ros2_ws/install/smartcar_msgs/local/lib/python3.10/dist-packages/smartcar_msgs/smartcar_msgs_s__rosidl_typesupport_introspection_c.cpython-310-x86_64-linux-gnu.so
[0.779s] -- Up-to-date symlink: /home/ros2/ros2_ws/install/smartcar_msgs/local/lib/python3.10/dist-packages/smartcar_msgs/smartcar_msgs_s__rosidl_typesupport_fastrtps_c.cpython-310-x86_64-linux-gnu.so
[0.780s] -- Up-to-date symlink: /home/ros2/ros2_ws/install/smartcar_msgs/local/lib/python3.10/dist-packages/smartcar_msgs/smartcar_msgs_s__rosidl_typesupport_introspection_c.cpython-310-x86_64-linux-gnu.so
[0.780s] -- Up-to-date symlink: /home/ros2/ros2_ws/install/smartcar_msgs/local/lib/python3.10/dist-packages/smartcar_msgs/smartcar_msgs_s__rosidl_typesupport_c.cpython-310-x86_64-linux-gnu.so
[0.780s] -- Up-to-date symlink: /home/ros2/ros2_ws/install/smartcar_msgs/share/smartcar_msgs/msg/Status.idl
[0.781s] -- Up-to-date symlink: /home/ros2/ros2_ws/install/smartcar_msgs/share/smartcar_msgs/msg/Status.msg
[0.781s] -- Up-to-date symlink: /home/ros2/ros2_ws/install/smartcar_msgs/share/ament_index/resource_index/package_run_dependencies/smartcar_msgs
[0.781s] -- Up-to-date symlink: /home/ros2/ros2_ws/install/smartcar_msgs/share/ament_index/resource_index/parent_prefix_path/smartcar_msgs
[0.781s] -- Up-to-date symlink: /home/ros2/ros2_ws/install/smartcar_msgs/share/smartcar_msgs/environment/ament_prefix_path.sh
[0.781s] -- Up-to-date symlink: /home/ros2/ros2_ws/install/smartcar_msgs/share/smartcar_msgs/environment/ament_prefix_path.dsv
[0.781s] -- Up-to-date symlink: /home/ros2/ros2_ws/install/smartcar_msgs/share/smartcar_msgs/environment/path.sh
[0.782s] -- Up-to-date symlink: /home/ros2/ros2_ws/install/smartcar_msgs/share/smartcar_msgs/environment/path.dsv
[0.782s] -- Up-to-date symlink: /home/ros2/ros2_ws/install/smartcar_msgs/share/smartcar_msgs/local_setup.bash
[0.782s] -- Up-to-date symlink: /home/ros2/ros2_ws/install/smartcar_msgs/share/smartcar_msgs/local_setup.sh
[0.782s] -- Up-to-date symlink: /home/ros2/ros2_ws/install/smartcar_msgs/share/smartcar_msgs/local_setup.zsh
[0.783s] -- Up-to-date symlink: /home/ros2/ros2_ws/install/smartcar_msgs/share/smartcar_msgs/local_setup.dsv
[0.783s] -- Symlinking: /home/ros2/ros2_ws/install/smartcar_msgs/share/smartcar_msgs/package.dsv
[0.784s] -- Up-to-date symlink: /home/ros2/ros2_ws/install/smartcar_msgs/share/ament_index/resource_index/packages/smartcar_msgs
[0.785s] -- Up-to-date symlink: /home/ros2/ros2_ws/install/smartcar_msgs/share/smartcar_msgs/cmake/rosidl_cmake-extras.cmake
[0.787s] -- Up-to-date symlink: /home/ros2/ros2_ws/install/smartcar_msgs/share/smartcar_msgs/cmake/ament_cmake_export_dependencies-extras.cmake
[0.787s] -- Up-to-date symlink: /home/ros2/ros2_ws/install/smartcar_msgs/share/smartcar_msgs/cmake/ament_cmake_export_include_directories-extras.cmake
[0.787s] -- Up-to-date symlink: /home/ros2/ros2_ws/install/smartcar_msgs/share/smartcar_msgs/cmake/ament_cmake_export_libraries-extras.cmake
[0.788s] -- Up-to-date symlink: /home/ros2/ros2_ws/install/smartcar_msgs/share/smartcar_msgs/cmake/ament_cmake_export_targets-extras.cmake
[0.788s] -- Up-to-date symlink: /home/ros2/ros2_ws/install/smartcar_msgs/share/smartcar_msgs/cmake/rosidl_cmake_export_typesupport_targets-extras.cmake
[0.788s] -- Up-to-date symlink: /home/ros2/ros2_ws/install/smartcar_msgs/share/smartcar_msgs/cmake/rosidl_cmake_export_typesupport_libraries-extras.cmake
[0.791s] -- Up-to-date symlink: /home/ros2/ros2_ws/install/smartcar_msgs/share/smartcar_msgs/cmake/smartcar_msgsConfig.cmake
[0.791s] -- Up-to-date symlink: /home/ros2/ros2_ws/install/smartcar_msgs/share/smartcar_msgs/cmake/smartcar_msgsConfig-version.cmake
[0.792s] -- Up-to-date symlink: /home/ros2/ros2_ws/install/smartcar_msgs/share/smartcar_msgs/package.xml
[0.792s] -- Up-to-date: /home/ros2/ros2_ws/install/smartcar_msgs/lib/libsmartcar_msgs__rosidl_generator_c.so
[0.794s] -- Up-to-date: /home/ros2/ros2_ws/install/smartcar_msgs/lib/libsmartcar_msgs__rosidl_typesupport_fastrtps_c.so
[0.795s] -- Up-to-date: /home/ros2/ros2_ws/install/smartcar_msgs/lib/libsmartcar_msgs__rosidl_typesupport_fastrtps_cpp.so
[0.795s] -- Up-to-date: /home/ros2/ros2_ws/install/smartcar_msgs/lib/libsmartcar_msgs__rosidl_typesupport_introspection_c.so
[0.795s] -- Up-to-date: /home/ros2/ros2_ws/install/smartcar_msgs/lib/libsmartcar_msgs__rosidl_typesupport_c.so
[0.796s] -- Up-to-date: /home/ros2/ros2_ws/install/smartcar_msgs/lib/libsmartcar_msgs__rosidl_typesupport_introspection_cpp.so
[0.796s] -- Up-to-date: /home/ros2/ros2_ws/install/smartcar_msgs/lib/libsmartcar_msgs__rosidl_typesupport_cpp.so
[0.841s] Listing '/home/ros2/ros2_ws/install/smartcar_msgs/local/lib/python3.10/dist-packages/smartcar_msgs'...
[0.844s] Listing '/home/ros2/ros2_ws/install/smartcar_msgs/local/lib/python3.10/dist-packages/smartcar_msgs/msg'...
[0.852s] -- Up-to-date: /home/ros2/ros2_ws/install/smartcar_msgs/lib/libsmartcar_msgs__rosidl_generator_py.so
[0.853s] -- Up-to-date: /home/ros2/ros2_ws/install/smartcar_msgs/share/smartcar_msgs/cmake/export_smartcar_msgs__rosidl_generator_cExport.cmake
[0.854s] -- Up-to-date: /home/ros2/ros2_ws/install/smartcar_msgs/share/smartcar_msgs/cmake/export_smartcar_msgs__rosidl_generator_cExport-noconfig.cmake
[0.854s] -- Up-to-date: /home/ros2/ros2_ws/install/smartcar_msgs/share/smartcar_msgs/cmake/export_smartcar_msgs__rosidl_typesupport_fastrtps_cExport.cmake
[0.854s] -- Up-to-date: /home/ros2/ros2_ws/install/smartcar_msgs/share/smartcar_msgs/cmake/export_smartcar_msgs__rosidl_typesupport_fastrtps_cExport-noconfig.cmake
[0.855s] -- Up-to-date: /home/ros2/ros2_ws/install/smartcar_msgs/share/smartcar_msgs/cmake/export_smartcar_msgs__rosidl_generator_cppExport.cmake
[0.856s] -- Up-to-date: /home/ros2/ros2_ws/install/smartcar_msgs/share/smartcar_msgs/cmake/export_smartcar_msgs__rosidl_typesupport_fastrtps_cppExport.cmake
[0.857s] -- Up-to-date: /home/ros2/ros2_ws/install/smartcar_msgs/share/smartcar_msgs/cmake/export_smartcar_msgs__rosidl_typesupport_fastrtps_cppExport-noconfig.cmake
[0.857s] -- Up-to-date: /home/ros2/ros2_ws/install/smartcar_msgs/share/smartcar_msgs/cmake/smartcar_msgs__rosidl_typesupport_introspection_cExport.cmake
[0.858s] -- Up-to-date: /home/ros2/ros2_ws/install/smartcar_msgs/share/smartcar_msgs/cmake/smartcar_msgs__rosidl_typesupport_introspection_cExport-noconfig.cmake
[0.859s] -- Up-to-date: /home/ros2/ros2_ws/install/smartcar_msgs/share/smartcar_msgs/cmake/smartcar_msgs__rosidl_typesupport_cExport.cmake
[0.861s] -- Up-to-date: /home/ros2/ros2_ws/install/smartcar_msgs/share/smartcar_msgs/cmake/smartcar_msgs__rosidl_typesupport_cExport-noconfig.cmake
[0.862s] -- Up-to-date: /home/ros2/ros2_ws/install/smartcar_msgs/share/smartcar_msgs/cmake/smartcar_msgs__rosidl_typesupport_introspection_cppExport.cmake
[0.863s] -- Up-to-date: /home/ros2/ros2_ws/install/smartcar_msgs/share/smartcar_msgs/cmake/smartcar_msgs__rosidl_typesupport_introspection_cppExport-noconfig.cmake
[0.865s] -- Up-to-date: /home/ros2/ros2_ws/install/smartcar_msgs/share/smartcar_msgs/cmake/smartcar_msgs__rosidl_typesupport_cppExport.cmake
[0.866s] -- Up-to-date: /home/ros2/ros2_ws/install/smartcar_msgs/share/smartcar_msgs/cmake/smartcar_msgs__rosidl_typesupport_cppExport-noconfig.cmake
[0.867s] -- Up-to-date: /home/ros2/ros2_ws/install/smartcar_msgs/share/smartcar_msgs/cmake/export_smartcar_msgs__rosidl_generator_pyExport.cmake
[0.868s] -- Up-to-date: /home/ros2/ros2_ws/install/smartcar_msgs/share/smartcar_msgs/cmake/export_smartcar_msgs__rosidl_generator_pyExport-noconfig.cmake
[0.878s] Invoked command in '/home/ros2/ros2_ws/build/smartcar_msgs' returned '0': CMAKE_PREFIX_PATH=${CMAKE_PREFIX_PATH}:/opt/ros/humble /usr/bin/cmake --install /home/ros2/ros2_ws/build/smartcar_msgs
