[0.183s] Invoking command in '/home/ros2/ros2_ws/build/car_gazebo_plugin': AMENT_PREFIX_PATH=/home/ros2/ros2_ws/install/smartcar_msgs:/home/ros2/ros2_ws/install/ackermann_msgs:${AMENT_PREFIX_PATH} CMAKE_PREFIX_PATH=/home/ros2/ros2_ws/install/smartcar_msgs:/home/ros2/ros2_ws/install/ackermann_msgs:/opt/ros/humble LD_LIBRARY_PATH=/home/ros2/ros2_ws/install/smartcar_msgs/lib:/home/ros2/ros2_ws/install/ackermann_msgs/lib:${LD_LIBRARY_PATH} PYTHONPATH=/home/ros2/ros2_ws/install/smartcar_msgs/local/lib/python3.10/dist-packages:/home/ros2/ros2_ws/install/ackermann_msgs/local/lib/python3.10/dist-packages:${PYTHONPATH} /usr/bin/cmake --build /home/ros2/ros2_ws/build/car_gazebo_plugin -- -j16 -l16
[0.292s] [100%] Built target car_gazebo_plugin
[0.309s] Invoked command in '/home/ros2/ros2_ws/build/car_gazebo_plugin' returned '0': AMENT_PREFIX_PATH=/home/ros2/ros2_ws/install/smartcar_msgs:/home/ros2/ros2_ws/install/ackermann_msgs:${AMENT_PREFIX_PATH} CMAKE_PREFIX_PATH=/home/ros2/ros2_ws/install/smartcar_msgs:/home/ros2/ros2_ws/install/ackermann_msgs:/opt/ros/humble LD_LIBRARY_PATH=/home/ros2/ros2_ws/install/smartcar_msgs/lib:/home/ros2/ros2_ws/install/ackermann_msgs/lib:${LD_LIBRARY_PATH} PYTHONPATH=/home/ros2/ros2_ws/install/smartcar_msgs/local/lib/python3.10/dist-packages:/home/ros2/ros2_ws/install/ackermann_msgs/local/lib/python3.10/dist-packages:${PYTHONPATH} /usr/bin/cmake --build /home/ros2/ros2_ws/build/car_gazebo_plugin -- -j16 -l16
[0.350s] Invoking command in '/home/ros2/ros2_ws/build/car_gazebo_plugin': AMENT_PREFIX_PATH=/home/ros2/ros2_ws/install/smartcar_msgs:/home/ros2/ros2_ws/install/ackermann_msgs:${AMENT_PREFIX_PATH} CMAKE_PREFIX_PATH=/home/ros2/ros2_ws/install/smartcar_msgs:/home/ros2/ros2_ws/install/ackermann_msgs:/opt/ros/humble LD_LIBRARY_PATH=/home/ros2/ros2_ws/install/smartcar_msgs/lib:/home/ros2/ros2_ws/install/ackermann_msgs/lib:${LD_LIBRARY_PATH} PYTHONPATH=/home/ros2/ros2_ws/install/smartcar_msgs/local/lib/python3.10/dist-packages:/home/ros2/ros2_ws/install/ackermann_msgs/local/lib/python3.10/dist-packages:${PYTHONPATH} /usr/bin/cmake --install /home/ros2/ros2_ws/build/car_gazebo_plugin
[0.357s] -- Install configuration: ""
[0.358s] -- Execute custom install script
[0.358s] -- Up-to-date symlink: /home/ros2/ros2_ws/install/car_gazebo_plugin/share/car_gazebo_plugin/environment/library_path.sh
[0.358s] -- Up-to-date symlink: /home/ros2/ros2_ws/install/car_gazebo_plugin/share/car_gazebo_plugin/environment/library_path.dsv
[0.359s] -- Up-to-date symlink: /home/ros2/ros2_ws/install/car_gazebo_plugin/share/ament_index/resource_index/package_run_dependencies/car_gazebo_plugin
[0.359s] -- Up-to-date symlink: /home/ros2/ros2_ws/install/car_gazebo_plugin/share/ament_index/resource_index/parent_prefix_path/car_gazebo_plugin
[0.359s] -- Up-to-date symlink: /home/ros2/ros2_ws/install/car_gazebo_plugin/share/car_gazebo_plugin/environment/ament_prefix_path.sh
[0.359s] -- Up-to-date symlink: /home/ros2/ros2_ws/install/car_gazebo_plugin/share/car_gazebo_plugin/environment/ament_prefix_path.dsv
[0.360s] -- Up-to-date symlink: /home/ros2/ros2_ws/install/car_gazebo_plugin/share/car_gazebo_plugin/environment/path.sh
[0.360s] -- Up-to-date symlink: /home/ros2/ros2_ws/install/car_gazebo_plugin/share/car_gazebo_plugin/environment/path.dsv
[0.361s] -- Up-to-date symlink: /home/ros2/ros2_ws/install/car_gazebo_plugin/share/car_gazebo_plugin/local_setup.bash
[0.361s] -- Up-to-date symlink: /home/ros2/ros2_ws/install/car_gazebo_plugin/share/car_gazebo_plugin/local_setup.sh
[0.361s] -- Up-to-date symlink: /home/ros2/ros2_ws/install/car_gazebo_plugin/share/car_gazebo_plugin/local_setup.zsh
[0.361s] -- Up-to-date symlink: /home/ros2/ros2_ws/install/car_gazebo_plugin/share/car_gazebo_plugin/local_setup.dsv
[0.361s] -- Symlinking: /home/ros2/ros2_ws/install/car_gazebo_plugin/share/car_gazebo_plugin/package.dsv
[0.374s] -- Up-to-date symlink: /home/ros2/ros2_ws/install/car_gazebo_plugin/share/ament_index/resource_index/packages/car_gazebo_plugin
[0.374s] -- Up-to-date symlink: /home/ros2/ros2_ws/install/car_gazebo_plugin/share/car_gazebo_plugin/cmake/ament_cmake_export_libraries-extras.cmake
[0.374s] -- Up-to-date symlink: /home/ros2/ros2_ws/install/car_gazebo_plugin/share/car_gazebo_plugin/cmake/ament_cmake_export_include_directories-extras.cmake
[0.375s] -- Up-to-date symlink: /home/ros2/ros2_ws/install/car_gazebo_plugin/share/car_gazebo_plugin/cmake/ament_cmake_export_dependencies-extras.cmake
[0.375s] -- Up-to-date symlink: /home/ros2/ros2_ws/install/car_gazebo_plugin/share/car_gazebo_plugin/cmake/car_gazebo_pluginConfig.cmake
[0.375s] -- Up-to-date symlink: /home/ros2/ros2_ws/install/car_gazebo_plugin/share/car_gazebo_plugin/cmake/car_gazebo_pluginConfig-version.cmake
[0.375s] -- Up-to-date symlink: /home/ros2/ros2_ws/install/car_gazebo_plugin/share/car_gazebo_plugin/package.xml
[0.375s] -- Up-to-date symlink: /home/ros2/ros2_ws/install/car_gazebo_plugin/lib/libcar_gazebo_plugin.so
[0.380s] Invoked command in '/home/ros2/ros2_ws/build/car_gazebo_plugin' returned '0': AMENT_PREFIX_PATH=/home/ros2/ros2_ws/install/smartcar_msgs:/home/ros2/ros2_ws/install/ackermann_msgs:${AMENT_PREFIX_PATH} CMAKE_PREFIX_PATH=/home/ros2/ros2_ws/install/smartcar_msgs:/home/ros2/ros2_ws/install/ackermann_msgs:/opt/ros/humble LD_LIBRARY_PATH=/home/ros2/ros2_ws/install/smartcar_msgs/lib:/home/ros2/ros2_ws/install/ackermann_msgs/lib:${LD_LIBRARY_PATH} PYTHONPATH=/home/ros2/ros2_ws/install/smartcar_msgs/local/lib/python3.10/dist-packages:/home/ros2/ros2_ws/install/ackermann_msgs/local/lib/python3.10/dist-packages:${PYTHONPATH} /usr/bin/cmake --install /home/ros2/ros2_ws/build/car_gazebo_plugin
