[0.896s] DEBUG:colcon:Command line arguments: ['/home/ros2/.local/bin/colcon', 'build', '--symlink-install']
[0.896s] DEBUG:colcon:Parsed command line arguments: Namespace(log_base=None, log_level=None, verb_name='build', build_base='build', install_base='install', merge_install=False, symlink_install=True, test_result_base=None, continue_on_error=False, executor='parallel', parallel_workers=16, event_handlers=None, ignore_user_meta=False, metas=['./colcon.meta'], base_paths=['.'], packages_ignore=None, packages_ignore_regex=None, paths=None, packages_up_to=None, packages_up_to_regex=None, packages_above=None, packages_above_and_dependencies=None, packages_above_depth=None, packages_select_by_dep=None, packages_skip_by_dep=None, packages_skip_up_to=None, packages_select_build_failed=False, packages_skip_build_finished=False, packages_select_test_failures=False, packages_skip_test_passed=False, packages_select=None, packages_skip=None, packages_select_regex=None, packages_skip_regex=None, packages_start=None, packages_end=None, allow_overriding=[], cmake_args=None, cmake_target=None, cmake_target_skip_unavailable=False, cmake_clean_cache=False, cmake_clean_first=False, cmake_force_configure=False, ament_cmake_args=None, catkin_cmake_args=None, catkin_skip_building_tests=False, verb_parser=<colcon_defaults.argument_parser.defaults.DefaultArgumentsDecorator object at 0x7fa4a77e0cd0>, verb_extension=<colcon_core.verb.build.BuildVerb object at 0x7fa4a77e0460>, main=<bound method BuildVerb.main of <colcon_core.verb.build.BuildVerb object at 0x7fa4a77e0460>>)
[1.343s] Level 1:colcon.colcon_core.package_discovery:discover_packages(colcon_meta) check parameters
[1.343s] Level 1:colcon.colcon_core.package_discovery:discover_packages(recursive) check parameters
[1.344s] Level 1:colcon.colcon_core.package_discovery:discover_packages(ignore) check parameters
[1.344s] Level 1:colcon.colcon_core.package_discovery:discover_packages(path) check parameters
[1.344s] Level 1:colcon.colcon_core.package_discovery:discover_packages(colcon_meta) discover
[1.344s] Level 1:colcon.colcon_core.package_discovery:discover_packages(recursive) discover
[1.344s] INFO:colcon.colcon_core.package_discovery:Crawling recursively for packages in '/home/ros2/ros2_ws'
[1.344s] Level 1:colcon.colcon_core.package_identification:_identify(.) by extensions ['ignore', 'ignore_ament_install']
[1.344s] Level 1:colcon.colcon_core.package_identification:_identify(.) by extension 'ignore'
[1.344s] Level 1:colcon.colcon_core.package_identification:_identify(.) by extension 'ignore_ament_install'
[1.344s] Level 1:colcon.colcon_core.package_identification:_identify(.) by extensions ['colcon_pkg']
[1.344s] Level 1:colcon.colcon_core.package_identification:_identify(.) by extension 'colcon_pkg'
[1.344s] Level 1:colcon.colcon_core.package_identification:_identify(.) by extensions ['colcon_meta']
[1.344s] Level 1:colcon.colcon_core.package_identification:_identify(.) by extension 'colcon_meta'
[1.344s] Level 1:colcon.colcon_core.package_identification:_identify(.) by extensions ['ros']
[1.344s] Level 1:colcon.colcon_core.package_identification:_identify(.) by extension 'ros'
[1.373s] Level 1:colcon.colcon_core.package_identification:_identify(.) by extensions ['cmake', 'python']
[1.373s] Level 1:colcon.colcon_core.package_identification:_identify(.) by extension 'cmake'
[1.374s] Level 1:colcon.colcon_core.package_identification:_identify(.) by extension 'python'
[1.374s] Level 1:colcon.colcon_core.package_identification:_identify(.) by extensions ['python_setup_py']
[1.374s] Level 1:colcon.colcon_core.package_identification:_identify(.) by extension 'python_setup_py'
[1.375s] Level 1:colcon.colcon_core.package_identification:_identify(build) by extensions ['ignore', 'ignore_ament_install']
[1.375s] Level 1:colcon.colcon_core.package_identification:_identify(build) by extension 'ignore'
[1.375s] Level 1:colcon.colcon_core.package_identification:_identify(build) ignored
[1.375s] Level 1:colcon.colcon_core.package_identification:_identify(install) by extensions ['ignore', 'ignore_ament_install']
[1.376s] Level 1:colcon.colcon_core.package_identification:_identify(install) by extension 'ignore'
[1.376s] Level 1:colcon.colcon_core.package_identification:_identify(install) ignored
[1.376s] Level 1:colcon.colcon_core.package_identification:_identify(log) by extensions ['ignore', 'ignore_ament_install']
[1.376s] Level 1:colcon.colcon_core.package_identification:_identify(log) by extension 'ignore'
[1.376s] Level 1:colcon.colcon_core.package_identification:_identify(log) ignored
[1.376s] Level 1:colcon.colcon_core.package_identification:_identify(src) by extensions ['ignore', 'ignore_ament_install']
[1.376s] Level 1:colcon.colcon_core.package_identification:_identify(src) by extension 'ignore'
[1.377s] Level 1:colcon.colcon_core.package_identification:_identify(src) by extension 'ignore_ament_install'
[1.377s] Level 1:colcon.colcon_core.package_identification:_identify(src) by extensions ['colcon_pkg']
[1.377s] Level 1:colcon.colcon_core.package_identification:_identify(src) by extension 'colcon_pkg'
[1.377s] Level 1:colcon.colcon_core.package_identification:_identify(src) by extensions ['colcon_meta']
[1.377s] Level 1:colcon.colcon_core.package_identification:_identify(src) by extension 'colcon_meta'
[1.377s] Level 1:colcon.colcon_core.package_identification:_identify(src) by extensions ['ros']
[1.377s] Level 1:colcon.colcon_core.package_identification:_identify(src) by extension 'ros'
[1.377s] Level 1:colcon.colcon_core.package_identification:_identify(src) by extensions ['cmake', 'python']
[1.377s] Level 1:colcon.colcon_core.package_identification:_identify(src) by extension 'cmake'
[1.377s] Level 1:colcon.colcon_core.package_identification:_identify(src) by extension 'python'
[1.377s] Level 1:colcon.colcon_core.package_identification:_identify(src) by extensions ['python_setup_py']
[1.377s] Level 1:colcon.colcon_core.package_identification:_identify(src) by extension 'python_setup_py'
[1.378s] Level 1:colcon.colcon_core.package_identification:_identify(src/ackermann_msgs) by extensions ['ignore', 'ignore_ament_install']
[1.378s] Level 1:colcon.colcon_core.package_identification:_identify(src/ackermann_msgs) by extension 'ignore'
[1.378s] Level 1:colcon.colcon_core.package_identification:_identify(src/ackermann_msgs) by extension 'ignore_ament_install'
[1.378s] Level 1:colcon.colcon_core.package_identification:_identify(src/ackermann_msgs) by extensions ['colcon_pkg']
[1.378s] Level 1:colcon.colcon_core.package_identification:_identify(src/ackermann_msgs) by extension 'colcon_pkg'
[1.378s] Level 1:colcon.colcon_core.package_identification:_identify(src/ackermann_msgs) by extensions ['colcon_meta']
[1.378s] Level 1:colcon.colcon_core.package_identification:_identify(src/ackermann_msgs) by extension 'colcon_meta'
[1.378s] Level 1:colcon.colcon_core.package_identification:_identify(src/ackermann_msgs) by extensions ['ros']
[1.378s] Level 1:colcon.colcon_core.package_identification:_identify(src/ackermann_msgs) by extension 'ros'
[1.384s] DEBUG:colcon.colcon_core.package_identification:Package 'src/ackermann_msgs' with type 'ros.ament_cmake' and name 'ackermann_msgs'
[1.385s] Level 1:colcon.colcon_core.package_identification:_identify(src/car_gazebo_plugin) by extensions ['ignore', 'ignore_ament_install']
[1.385s] Level 1:colcon.colcon_core.package_identification:_identify(src/car_gazebo_plugin) by extension 'ignore'
[1.385s] Level 1:colcon.colcon_core.package_identification:_identify(src/car_gazebo_plugin) by extension 'ignore_ament_install'
[1.386s] Level 1:colcon.colcon_core.package_identification:_identify(src/car_gazebo_plugin) by extensions ['colcon_pkg']
[1.386s] Level 1:colcon.colcon_core.package_identification:_identify(src/car_gazebo_plugin) by extension 'colcon_pkg'
[1.386s] Level 1:colcon.colcon_core.package_identification:_identify(src/car_gazebo_plugin) by extensions ['colcon_meta']
[1.386s] Level 1:colcon.colcon_core.package_identification:_identify(src/car_gazebo_plugin) by extension 'colcon_meta'
[1.386s] Level 1:colcon.colcon_core.package_identification:_identify(src/car_gazebo_plugin) by extensions ['ros']
[1.386s] Level 1:colcon.colcon_core.package_identification:_identify(src/car_gazebo_plugin) by extension 'ros'
[1.388s] DEBUG:colcon.colcon_core.package_identification:Package 'src/car_gazebo_plugin' with type 'ros.ament_cmake' and name 'car_gazebo_plugin'
[1.388s] Level 1:colcon.colcon_core.package_identification:_identify(src/gazebo_world) by extensions ['ignore', 'ignore_ament_install']
[1.389s] Level 1:colcon.colcon_core.package_identification:_identify(src/gazebo_world) by extension 'ignore'
[1.389s] Level 1:colcon.colcon_core.package_identification:_identify(src/gazebo_world) by extension 'ignore_ament_install'
[1.389s] Level 1:colcon.colcon_core.package_identification:_identify(src/gazebo_world) by extensions ['colcon_pkg']
[1.389s] Level 1:colcon.colcon_core.package_identification:_identify(src/gazebo_world) by extension 'colcon_pkg'
[1.389s] Level 1:colcon.colcon_core.package_identification:_identify(src/gazebo_world) by extensions ['colcon_meta']
[1.389s] Level 1:colcon.colcon_core.package_identification:_identify(src/gazebo_world) by extension 'colcon_meta'
[1.389s] Level 1:colcon.colcon_core.package_identification:_identify(src/gazebo_world) by extensions ['ros']
[1.389s] Level 1:colcon.colcon_core.package_identification:_identify(src/gazebo_world) by extension 'ros'
[1.389s] Level 1:colcon.colcon_core.package_identification:_identify(src/gazebo_world) by extensions ['cmake', 'python']
[1.389s] Level 1:colcon.colcon_core.package_identification:_identify(src/gazebo_world) by extension 'cmake'
[1.389s] Level 1:colcon.colcon_core.package_identification:_identify(src/gazebo_world) by extension 'python'
[1.389s] Level 1:colcon.colcon_core.package_identification:_identify(src/gazebo_world) by extensions ['python_setup_py']
[1.389s] Level 1:colcon.colcon_core.package_identification:_identify(src/gazebo_world) by extension 'python_setup_py'
[1.390s] Level 1:colcon.colcon_core.package_identification:_identify(src/nav2_map) by extensions ['ignore', 'ignore_ament_install']
[1.390s] Level 1:colcon.colcon_core.package_identification:_identify(src/nav2_map) by extension 'ignore'
[1.391s] Level 1:colcon.colcon_core.package_identification:_identify(src/nav2_map) by extension 'ignore_ament_install'
[1.391s] Level 1:colcon.colcon_core.package_identification:_identify(src/nav2_map) by extensions ['colcon_pkg']
[1.391s] Level 1:colcon.colcon_core.package_identification:_identify(src/nav2_map) by extension 'colcon_pkg'
[1.391s] Level 1:colcon.colcon_core.package_identification:_identify(src/nav2_map) by extensions ['colcon_meta']
[1.391s] Level 1:colcon.colcon_core.package_identification:_identify(src/nav2_map) by extension 'colcon_meta'
[1.391s] Level 1:colcon.colcon_core.package_identification:_identify(src/nav2_map) by extensions ['ros']
[1.391s] Level 1:colcon.colcon_core.package_identification:_identify(src/nav2_map) by extension 'ros'
[1.391s] Level 1:colcon.colcon_core.package_identification:_identify(src/nav2_map) by extensions ['cmake', 'python']
[1.391s] Level 1:colcon.colcon_core.package_identification:_identify(src/nav2_map) by extension 'cmake'
[1.391s] Level 1:colcon.colcon_core.package_identification:_identify(src/nav2_map) by extension 'python'
[1.391s] Level 1:colcon.colcon_core.package_identification:_identify(src/nav2_map) by extensions ['python_setup_py']
[1.391s] Level 1:colcon.colcon_core.package_identification:_identify(src/nav2_map) by extension 'python_setup_py'
[1.391s] Level 1:colcon.colcon_core.package_identification:_identify(src/smart_car) by extensions ['ignore', 'ignore_ament_install']
[1.392s] Level 1:colcon.colcon_core.package_identification:_identify(src/smart_car) by extension 'ignore'
[1.392s] Level 1:colcon.colcon_core.package_identification:_identify(src/smart_car) by extension 'ignore_ament_install'
[1.392s] Level 1:colcon.colcon_core.package_identification:_identify(src/smart_car) by extensions ['colcon_pkg']
[1.392s] Level 1:colcon.colcon_core.package_identification:_identify(src/smart_car) by extension 'colcon_pkg'
[1.392s] Level 1:colcon.colcon_core.package_identification:_identify(src/smart_car) by extensions ['colcon_meta']
[1.392s] Level 1:colcon.colcon_core.package_identification:_identify(src/smart_car) by extension 'colcon_meta'
[1.392s] Level 1:colcon.colcon_core.package_identification:_identify(src/smart_car) by extensions ['ros']
[1.392s] Level 1:colcon.colcon_core.package_identification:_identify(src/smart_car) by extension 'ros'
[1.394s] DEBUG:colcon.colcon_core.package_identification:Package 'src/smart_car' with type 'ros.ament_cmake' and name 'smart_car'
[1.395s] Level 1:colcon.colcon_core.package_identification:_identify(src/smartcar_msgs) by extensions ['ignore', 'ignore_ament_install']
[1.395s] Level 1:colcon.colcon_core.package_identification:_identify(src/smartcar_msgs) by extension 'ignore'
[1.395s] Level 1:colcon.colcon_core.package_identification:_identify(src/smartcar_msgs) by extension 'ignore_ament_install'
[1.395s] Level 1:colcon.colcon_core.package_identification:_identify(src/smartcar_msgs) by extensions ['colcon_pkg']
[1.396s] Level 1:colcon.colcon_core.package_identification:_identify(src/smartcar_msgs) by extension 'colcon_pkg'
[1.396s] Level 1:colcon.colcon_core.package_identification:_identify(src/smartcar_msgs) by extensions ['colcon_meta']
[1.396s] Level 1:colcon.colcon_core.package_identification:_identify(src/smartcar_msgs) by extension 'colcon_meta'
[1.396s] Level 1:colcon.colcon_core.package_identification:_identify(src/smartcar_msgs) by extensions ['ros']
[1.396s] Level 1:colcon.colcon_core.package_identification:_identify(src/smartcar_msgs) by extension 'ros'
[1.398s] DEBUG:colcon.colcon_core.package_identification:Package 'src/smartcar_msgs' with type 'ros.ament_cmake' and name 'smartcar_msgs'
[1.398s] Level 1:colcon.colcon_core.package_identification:_identify(src/urdf) by extensions ['ignore', 'ignore_ament_install']
[1.399s] Level 1:colcon.colcon_core.package_identification:_identify(src/urdf) by extension 'ignore'
[1.399s] Level 1:colcon.colcon_core.package_identification:_identify(src/urdf) by extension 'ignore_ament_install'
[1.399s] Level 1:colcon.colcon_core.package_identification:_identify(src/urdf) by extensions ['colcon_pkg']
[1.399s] Level 1:colcon.colcon_core.package_identification:_identify(src/urdf) by extension 'colcon_pkg'
[1.399s] Level 1:colcon.colcon_core.package_identification:_identify(src/urdf) by extensions ['colcon_meta']
[1.399s] Level 1:colcon.colcon_core.package_identification:_identify(src/urdf) by extension 'colcon_meta'
[1.399s] Level 1:colcon.colcon_core.package_identification:_identify(src/urdf) by extensions ['ros']
[1.399s] Level 1:colcon.colcon_core.package_identification:_identify(src/urdf) by extension 'ros'
[1.399s] Level 1:colcon.colcon_core.package_identification:_identify(src/urdf) by extensions ['cmake', 'python']
[1.399s] Level 1:colcon.colcon_core.package_identification:_identify(src/urdf) by extension 'cmake'
[1.399s] Level 1:colcon.colcon_core.package_identification:_identify(src/urdf) by extension 'python'
[1.399s] Level 1:colcon.colcon_core.package_identification:_identify(src/urdf) by extensions ['python_setup_py']
[1.399s] Level 1:colcon.colcon_core.package_identification:_identify(src/urdf) by extension 'python_setup_py'
[1.400s] Level 1:colcon.colcon_core.package_identification:_identify(src/urdf/__pycache__) by extensions ['ignore', 'ignore_ament_install']
[1.400s] Level 1:colcon.colcon_core.package_identification:_identify(src/urdf/__pycache__) by extension 'ignore'
[1.400s] Level 1:colcon.colcon_core.package_identification:_identify(src/urdf/__pycache__) by extension 'ignore_ament_install'
[1.400s] Level 1:colcon.colcon_core.package_identification:_identify(src/urdf/__pycache__) by extensions ['colcon_pkg']
[1.400s] Level 1:colcon.colcon_core.package_identification:_identify(src/urdf/__pycache__) by extension 'colcon_pkg'
[1.400s] Level 1:colcon.colcon_core.package_identification:_identify(src/urdf/__pycache__) by extensions ['colcon_meta']
[1.400s] Level 1:colcon.colcon_core.package_identification:_identify(src/urdf/__pycache__) by extension 'colcon_meta'
[1.400s] Level 1:colcon.colcon_core.package_identification:_identify(src/urdf/__pycache__) by extensions ['ros']
[1.400s] Level 1:colcon.colcon_core.package_identification:_identify(src/urdf/__pycache__) by extension 'ros'
[1.400s] Level 1:colcon.colcon_core.package_identification:_identify(src/urdf/__pycache__) by extensions ['cmake', 'python']
[1.400s] Level 1:colcon.colcon_core.package_identification:_identify(src/urdf/__pycache__) by extension 'cmake'
[1.400s] Level 1:colcon.colcon_core.package_identification:_identify(src/urdf/__pycache__) by extension 'python'
[1.400s] Level 1:colcon.colcon_core.package_identification:_identify(src/urdf/__pycache__) by extensions ['python_setup_py']
[1.400s] Level 1:colcon.colcon_core.package_identification:_identify(src/urdf/__pycache__) by extension 'python_setup_py'
[1.401s] Level 1:colcon.colcon_core.package_discovery:discover_packages(recursive) using defaults
[1.401s] Level 1:colcon.colcon_core.package_discovery:discover_packages(ignore) discover
[1.401s] Level 1:colcon.colcon_core.package_discovery:discover_packages(ignore) using defaults
[1.401s] Level 1:colcon.colcon_core.package_discovery:discover_packages(path) discover
[1.401s] Level 1:colcon.colcon_core.package_discovery:discover_packages(path) using defaults
[1.462s] Level 1:colcon.colcon_core.package_discovery:discover_packages(prefix_path) check parameters
[1.462s] Level 1:colcon.colcon_core.package_discovery:discover_packages(prefix_path) discover
[1.471s] DEBUG:colcon.colcon_installed_package_information.package_discovery:Found 280 installed packages in /opt/ros/humble
[1.472s] Level 1:colcon.colcon_core.package_discovery:discover_packages(prefix_path) using defaults
[1.627s] Level 5:colcon.colcon_core.verb:set package 'ackermann_msgs' build argument 'cmake_args' from command line to 'None'
[1.627s] Level 5:colcon.colcon_core.verb:set package 'ackermann_msgs' build argument 'cmake_target' from command line to 'None'
[1.627s] Level 5:colcon.colcon_core.verb:set package 'ackermann_msgs' build argument 'cmake_target_skip_unavailable' from command line to 'False'
[1.627s] Level 5:colcon.colcon_core.verb:set package 'ackermann_msgs' build argument 'cmake_clean_cache' from command line to 'False'
[1.627s] Level 5:colcon.colcon_core.verb:set package 'ackermann_msgs' build argument 'cmake_clean_first' from command line to 'False'
[1.627s] Level 5:colcon.colcon_core.verb:set package 'ackermann_msgs' build argument 'cmake_force_configure' from command line to 'False'
[1.627s] Level 5:colcon.colcon_core.verb:set package 'ackermann_msgs' build argument 'ament_cmake_args' from command line to 'None'
[1.627s] Level 5:colcon.colcon_core.verb:set package 'ackermann_msgs' build argument 'catkin_cmake_args' from command line to 'None'
[1.627s] Level 5:colcon.colcon_core.verb:set package 'ackermann_msgs' build argument 'catkin_skip_building_tests' from command line to 'False'
[1.627s] DEBUG:colcon.colcon_core.verb:Building package 'ackermann_msgs' with the following arguments: {'ament_cmake_args': None, 'build_base': '/home/ros2/ros2_ws/build/ackermann_msgs', 'catkin_cmake_args': None, 'catkin_skip_building_tests': False, 'cmake_args': None, 'cmake_clean_cache': False, 'cmake_clean_first': False, 'cmake_force_configure': False, 'cmake_target': None, 'cmake_target_skip_unavailable': False, 'install_base': '/home/ros2/ros2_ws/install/ackermann_msgs', 'merge_install': False, 'path': '/home/ros2/ros2_ws/src/ackermann_msgs', 'symlink_install': True, 'test_result_base': None}
[1.627s] Level 5:colcon.colcon_core.verb:set package 'smart_car' build argument 'cmake_args' from command line to 'None'
[1.627s] Level 5:colcon.colcon_core.verb:set package 'smart_car' build argument 'cmake_target' from command line to 'None'
[1.627s] Level 5:colcon.colcon_core.verb:set package 'smart_car' build argument 'cmake_target_skip_unavailable' from command line to 'False'
[1.627s] Level 5:colcon.colcon_core.verb:set package 'smart_car' build argument 'cmake_clean_cache' from command line to 'False'
[1.627s] Level 5:colcon.colcon_core.verb:set package 'smart_car' build argument 'cmake_clean_first' from command line to 'False'
[1.627s] Level 5:colcon.colcon_core.verb:set package 'smart_car' build argument 'cmake_force_configure' from command line to 'False'
[1.627s] Level 5:colcon.colcon_core.verb:set package 'smart_car' build argument 'ament_cmake_args' from command line to 'None'
[1.627s] Level 5:colcon.colcon_core.verb:set package 'smart_car' build argument 'catkin_cmake_args' from command line to 'None'
[1.627s] Level 5:colcon.colcon_core.verb:set package 'smart_car' build argument 'catkin_skip_building_tests' from command line to 'False'
[1.627s] DEBUG:colcon.colcon_core.verb:Building package 'smart_car' with the following arguments: {'ament_cmake_args': None, 'build_base': '/home/ros2/ros2_ws/build/smart_car', 'catkin_cmake_args': None, 'catkin_skip_building_tests': False, 'cmake_args': None, 'cmake_clean_cache': False, 'cmake_clean_first': False, 'cmake_force_configure': False, 'cmake_target': None, 'cmake_target_skip_unavailable': False, 'install_base': '/home/ros2/ros2_ws/install/smart_car', 'merge_install': False, 'path': '/home/ros2/ros2_ws/src/smart_car', 'symlink_install': True, 'test_result_base': None}
[1.628s] Level 5:colcon.colcon_core.verb:set package 'smartcar_msgs' build argument 'cmake_args' from command line to 'None'
[1.628s] Level 5:colcon.colcon_core.verb:set package 'smartcar_msgs' build argument 'cmake_target' from command line to 'None'
[1.628s] Level 5:colcon.colcon_core.verb:set package 'smartcar_msgs' build argument 'cmake_target_skip_unavailable' from command line to 'False'
[1.628s] Level 5:colcon.colcon_core.verb:set package 'smartcar_msgs' build argument 'cmake_clean_cache' from command line to 'False'
[1.628s] Level 5:colcon.colcon_core.verb:set package 'smartcar_msgs' build argument 'cmake_clean_first' from command line to 'False'
[1.628s] Level 5:colcon.colcon_core.verb:set package 'smartcar_msgs' build argument 'cmake_force_configure' from command line to 'False'
[1.628s] Level 5:colcon.colcon_core.verb:set package 'smartcar_msgs' build argument 'ament_cmake_args' from command line to 'None'
[1.628s] Level 5:colcon.colcon_core.verb:set package 'smartcar_msgs' build argument 'catkin_cmake_args' from command line to 'None'
[1.628s] Level 5:colcon.colcon_core.verb:set package 'smartcar_msgs' build argument 'catkin_skip_building_tests' from command line to 'False'
[1.628s] DEBUG:colcon.colcon_core.verb:Building package 'smartcar_msgs' with the following arguments: {'ament_cmake_args': None, 'build_base': '/home/ros2/ros2_ws/build/smartcar_msgs', 'catkin_cmake_args': None, 'catkin_skip_building_tests': False, 'cmake_args': None, 'cmake_clean_cache': False, 'cmake_clean_first': False, 'cmake_force_configure': False, 'cmake_target': None, 'cmake_target_skip_unavailable': False, 'install_base': '/home/ros2/ros2_ws/install/smartcar_msgs', 'merge_install': False, 'path': '/home/ros2/ros2_ws/src/smartcar_msgs', 'symlink_install': True, 'test_result_base': None}
[1.628s] Level 5:colcon.colcon_core.verb:set package 'car_gazebo_plugin' build argument 'cmake_args' from command line to 'None'
[1.628s] Level 5:colcon.colcon_core.verb:set package 'car_gazebo_plugin' build argument 'cmake_target' from command line to 'None'
[1.628s] Level 5:colcon.colcon_core.verb:set package 'car_gazebo_plugin' build argument 'cmake_target_skip_unavailable' from command line to 'False'
[1.628s] Level 5:colcon.colcon_core.verb:set package 'car_gazebo_plugin' build argument 'cmake_clean_cache' from command line to 'False'
[1.628s] Level 5:colcon.colcon_core.verb:set package 'car_gazebo_plugin' build argument 'cmake_clean_first' from command line to 'False'
[1.628s] Level 5:colcon.colcon_core.verb:set package 'car_gazebo_plugin' build argument 'cmake_force_configure' from command line to 'False'
[1.628s] Level 5:colcon.colcon_core.verb:set package 'car_gazebo_plugin' build argument 'ament_cmake_args' from command line to 'None'
[1.628s] Level 5:colcon.colcon_core.verb:set package 'car_gazebo_plugin' build argument 'catkin_cmake_args' from command line to 'None'
[1.628s] Level 5:colcon.colcon_core.verb:set package 'car_gazebo_plugin' build argument 'catkin_skip_building_tests' from command line to 'False'
[1.628s] DEBUG:colcon.colcon_core.verb:Building package 'car_gazebo_plugin' with the following arguments: {'ament_cmake_args': None, 'build_base': '/home/ros2/ros2_ws/build/car_gazebo_plugin', 'catkin_cmake_args': None, 'catkin_skip_building_tests': False, 'cmake_args': None, 'cmake_clean_cache': False, 'cmake_clean_first': False, 'cmake_force_configure': False, 'cmake_target': None, 'cmake_target_skip_unavailable': False, 'install_base': '/home/ros2/ros2_ws/install/car_gazebo_plugin', 'merge_install': False, 'path': '/home/ros2/ros2_ws/src/car_gazebo_plugin', 'symlink_install': True, 'test_result_base': None}
[1.628s] INFO:colcon.colcon_core.executor:Executing jobs using 'parallel' executor
[1.630s] DEBUG:colcon.colcon_parallel_executor.executor.parallel:run_until_complete
[1.630s] INFO:colcon.colcon_ros.task.ament_cmake.build:Building ROS package in '/home/ros2/ros2_ws/src/ackermann_msgs' with build type 'ament_cmake'
[1.631s] INFO:colcon.colcon_cmake.task.cmake.build:Building CMake package in '/home/ros2/ros2_ws/src/ackermann_msgs'
[1.644s] INFO:colcon.colcon_core.plugin_system:Skipping extension 'colcon_core.shell.bat': Not used on non-Windows systems
[1.645s] INFO:colcon.colcon_core.shell:Skip shell extension 'powershell' for command environment: Not usable outside of PowerShell
[1.645s] DEBUG:colcon.colcon_core.shell:Skip shell extension 'dsv' for command environment
[1.651s] INFO:colcon.colcon_ros.task.ament_cmake.build:Building ROS package in '/home/ros2/ros2_ws/src/smart_car' with build type 'ament_cmake'
[1.651s] INFO:colcon.colcon_cmake.task.cmake.build:Building CMake package in '/home/ros2/ros2_ws/src/smart_car'
[1.652s] INFO:colcon.colcon_core.shell:Skip shell extension 'powershell' for command environment: Not usable outside of PowerShell
[1.652s] DEBUG:colcon.colcon_core.shell:Skip shell extension 'dsv' for command environment
[1.656s] INFO:colcon.colcon_ros.task.ament_cmake.build:Building ROS package in '/home/ros2/ros2_ws/src/smartcar_msgs' with build type 'ament_cmake'
[1.656s] INFO:colcon.colcon_cmake.task.cmake.build:Building CMake package in '/home/ros2/ros2_ws/src/smartcar_msgs'
[1.657s] INFO:colcon.colcon_core.shell:Skip shell extension 'powershell' for command environment: Not usable outside of PowerShell
[1.657s] DEBUG:colcon.colcon_core.shell:Skip shell extension 'dsv' for command environment
[1.668s] DEBUG:colcon.colcon_core.event_handler.log_command:Invoking command in '/home/ros2/ros2_ws/build/ackermann_msgs': CMAKE_PREFIX_PATH=/opt/ros/humble /usr/bin/cmake /home/ros2/ros2_ws/src/ackermann_msgs -DAMENT_CMAKE_SYMLINK_INSTALL=1 -DCMAKE_INSTALL_PREFIX=/home/ros2/ros2_ws/install/ackermann_msgs
[1.685s] DEBUG:colcon.colcon_core.event_handler.log_command:Invoking command in '/home/ros2/ros2_ws/build/smart_car': CMAKE_PREFIX_PATH=/opt/ros/humble /usr/bin/cmake --build /home/ros2/ros2_ws/build/smart_car -- -j16 -l16
[1.697s] DEBUG:colcon.colcon_core.event_handler.log_command:Invoking command in '/home/ros2/ros2_ws/build/smartcar_msgs': CMAKE_PREFIX_PATH=/opt/ros/humble /usr/bin/cmake --build /home/ros2/ros2_ws/build/smartcar_msgs -- -j16 -l16
[2.232s] DEBUG:colcon.colcon_core.event_handler.log_command:Invoked command in '/home/ros2/ros2_ws/build/smartcar_msgs' returned '0': CMAKE_PREFIX_PATH=/opt/ros/humble /usr/bin/cmake --build /home/ros2/ros2_ws/build/smartcar_msgs -- -j16 -l16
[2.325s] DEBUG:colcon.colcon_core.event_handler.log_command:Invoking command in '/home/ros2/ros2_ws/build/smartcar_msgs': CMAKE_PREFIX_PATH=/opt/ros/humble /usr/bin/cmake --install /home/ros2/ros2_ws/build/smartcar_msgs
[2.473s] Level 1:colcon.colcon_core.environment:create_environment_scripts_only(smartcar_msgs)
[2.474s] DEBUG:colcon.colcon_core.event_handler.log_command:Invoked command in '/home/ros2/ros2_ws/build/smartcar_msgs' returned '0': CMAKE_PREFIX_PATH=/opt/ros/humble /usr/bin/cmake --install /home/ros2/ros2_ws/build/smartcar_msgs
[2.488s] Level 1:colcon.colcon_core.environment:checking '/home/ros2/ros2_ws/install/smartcar_msgs' for CMake module files
[2.491s] Level 1:colcon.colcon_core.environment:checking '/home/ros2/ros2_ws/install/smartcar_msgs' for CMake config files
[2.495s] Level 1:colcon.colcon_core.shell:create_environment_hook('smartcar_msgs', 'cmake_prefix_path')
[2.496s] INFO:colcon.colcon_core.shell:Creating environment hook '/home/ros2/ros2_ws/install/smartcar_msgs/share/smartcar_msgs/hook/cmake_prefix_path.ps1'
[2.498s] INFO:colcon.colcon_core.shell:Creating environment descriptor '/home/ros2/ros2_ws/install/smartcar_msgs/share/smartcar_msgs/hook/cmake_prefix_path.dsv'
[2.499s] INFO:colcon.colcon_core.shell:Creating environment hook '/home/ros2/ros2_ws/install/smartcar_msgs/share/smartcar_msgs/hook/cmake_prefix_path.sh'
[2.501s] Level 1:colcon.colcon_core.environment:checking '/home/ros2/ros2_ws/install/smartcar_msgs/lib'
[2.502s] Level 1:colcon.colcon_core.shell:create_environment_hook('smartcar_msgs', 'ld_library_path_lib')
[2.502s] INFO:colcon.colcon_core.shell:Creating environment hook '/home/ros2/ros2_ws/install/smartcar_msgs/share/smartcar_msgs/hook/ld_library_path_lib.ps1'
[2.503s] INFO:colcon.colcon_core.shell:Creating environment descriptor '/home/ros2/ros2_ws/install/smartcar_msgs/share/smartcar_msgs/hook/ld_library_path_lib.dsv'
[2.504s] INFO:colcon.colcon_core.shell:Creating environment hook '/home/ros2/ros2_ws/install/smartcar_msgs/share/smartcar_msgs/hook/ld_library_path_lib.sh'
[2.504s] Level 1:colcon.colcon_core.environment:checking '/home/ros2/ros2_ws/install/smartcar_msgs/bin'
[2.504s] Level 1:colcon.colcon_core.environment:checking '/home/ros2/ros2_ws/install/smartcar_msgs/lib/pkgconfig/smartcar_msgs.pc'
[2.504s] Level 1:colcon.colcon_core.environment:checking '/home/ros2/ros2_ws/install/smartcar_msgs/lib/python3.10/site-packages'
[2.505s] Level 1:colcon.colcon_core.environment:checking '/home/ros2/ros2_ws/install/smartcar_msgs/bin'
[2.505s] INFO:colcon.colcon_core.shell:Creating package script '/home/ros2/ros2_ws/install/smartcar_msgs/share/smartcar_msgs/package.ps1'
[2.507s] INFO:colcon.colcon_core.shell:Creating package descriptor '/home/ros2/ros2_ws/install/smartcar_msgs/share/smartcar_msgs/package.dsv'
[2.508s] INFO:colcon.colcon_core.shell:Creating package script '/home/ros2/ros2_ws/install/smartcar_msgs/share/smartcar_msgs/package.sh'
[2.510s] INFO:colcon.colcon_core.shell:Creating package script '/home/ros2/ros2_ws/install/smartcar_msgs/share/smartcar_msgs/package.bash'
[2.512s] INFO:colcon.colcon_core.shell:Creating package script '/home/ros2/ros2_ws/install/smartcar_msgs/share/smartcar_msgs/package.zsh'
[2.514s] Level 1:colcon.colcon_core.environment:create_file_with_runtime_dependencies(/home/ros2/ros2_ws/install/smartcar_msgs/share/colcon-core/packages/smartcar_msgs)
[2.595s] Level 1:colcon.colcon_core.environment:create_environment_scripts_only(smartcar_msgs)
[2.596s] Level 1:colcon.colcon_core.environment:checking '/home/ros2/ros2_ws/install/smartcar_msgs' for CMake module files
[2.596s] Level 1:colcon.colcon_core.environment:checking '/home/ros2/ros2_ws/install/smartcar_msgs' for CMake config files
[2.597s] Level 1:colcon.colcon_core.shell:create_environment_hook('smartcar_msgs', 'cmake_prefix_path')
[2.597s] INFO:colcon.colcon_core.shell:Creating environment hook '/home/ros2/ros2_ws/install/smartcar_msgs/share/smartcar_msgs/hook/cmake_prefix_path.ps1'
[2.598s] INFO:colcon.colcon_core.shell:Creating environment descriptor '/home/ros2/ros2_ws/install/smartcar_msgs/share/smartcar_msgs/hook/cmake_prefix_path.dsv'
[2.598s] INFO:colcon.colcon_core.shell:Creating environment hook '/home/ros2/ros2_ws/install/smartcar_msgs/share/smartcar_msgs/hook/cmake_prefix_path.sh'
[2.599s] Level 1:colcon.colcon_core.environment:checking '/home/ros2/ros2_ws/install/smartcar_msgs/lib'
[2.599s] Level 1:colcon.colcon_core.shell:create_environment_hook('smartcar_msgs', 'ld_library_path_lib')
[2.600s] INFO:colcon.colcon_core.shell:Creating environment hook '/home/ros2/ros2_ws/install/smartcar_msgs/share/smartcar_msgs/hook/ld_library_path_lib.ps1'
[2.600s] INFO:colcon.colcon_core.shell:Creating environment descriptor '/home/ros2/ros2_ws/install/smartcar_msgs/share/smartcar_msgs/hook/ld_library_path_lib.dsv'
[2.601s] INFO:colcon.colcon_core.shell:Creating environment hook '/home/ros2/ros2_ws/install/smartcar_msgs/share/smartcar_msgs/hook/ld_library_path_lib.sh'
[2.601s] Level 1:colcon.colcon_core.environment:checking '/home/ros2/ros2_ws/install/smartcar_msgs/bin'
[2.601s] Level 1:colcon.colcon_core.environment:checking '/home/ros2/ros2_ws/install/smartcar_msgs/lib/pkgconfig/smartcar_msgs.pc'
[2.602s] Level 1:colcon.colcon_core.environment:checking '/home/ros2/ros2_ws/install/smartcar_msgs/lib/python3.10/site-packages'
[2.602s] Level 1:colcon.colcon_core.environment:checking '/home/ros2/ros2_ws/install/smartcar_msgs/bin'
[2.603s] INFO:colcon.colcon_core.shell:Creating package script '/home/ros2/ros2_ws/install/smartcar_msgs/share/smartcar_msgs/package.ps1'
[2.605s] INFO:colcon.colcon_core.shell:Creating package descriptor '/home/ros2/ros2_ws/install/smartcar_msgs/share/smartcar_msgs/package.dsv'
[2.607s] INFO:colcon.colcon_core.shell:Creating package script '/home/ros2/ros2_ws/install/smartcar_msgs/share/smartcar_msgs/package.sh'
[2.608s] INFO:colcon.colcon_core.shell:Creating package script '/home/ros2/ros2_ws/install/smartcar_msgs/share/smartcar_msgs/package.bash'
[2.609s] INFO:colcon.colcon_core.shell:Creating package script '/home/ros2/ros2_ws/install/smartcar_msgs/share/smartcar_msgs/package.zsh'
[2.610s] Level 1:colcon.colcon_core.environment:create_file_with_runtime_dependencies(/home/ros2/ros2_ws/install/smartcar_msgs/share/colcon-core/packages/smartcar_msgs)
[2.675s] DEBUG:colcon.colcon_core.event_handler.log_command:Invoked command in '/home/ros2/ros2_ws/build/smart_car' returned '0': CMAKE_PREFIX_PATH=/opt/ros/humble /usr/bin/cmake --build /home/ros2/ros2_ws/build/smart_car -- -j16 -l16
[2.711s] DEBUG:colcon.colcon_core.event_handler.log_command:Invoking command in '/home/ros2/ros2_ws/build/smart_car': CMAKE_PREFIX_PATH=/opt/ros/humble /usr/bin/cmake --install /home/ros2/ros2_ws/build/smart_car
[2.785s] Level 1:colcon.colcon_core.environment:create_environment_scripts_only(smart_car)
[2.786s] Level 1:colcon.colcon_core.environment:checking '/home/ros2/ros2_ws/install/smart_car' for CMake module files
[2.786s] DEBUG:colcon.colcon_core.event_handler.log_command:Invoked command in '/home/ros2/ros2_ws/build/smart_car' returned '0': CMAKE_PREFIX_PATH=/opt/ros/humble /usr/bin/cmake --install /home/ros2/ros2_ws/build/smart_car
[2.789s] Level 1:colcon.colcon_core.environment:checking '/home/ros2/ros2_ws/install/smart_car' for CMake config files
[2.792s] Level 1:colcon.colcon_core.shell:create_environment_hook('smart_car', 'cmake_prefix_path')
[2.793s] INFO:colcon.colcon_core.shell:Creating environment hook '/home/ros2/ros2_ws/install/smart_car/share/smart_car/hook/cmake_prefix_path.ps1'
[2.794s] INFO:colcon.colcon_core.shell:Creating environment descriptor '/home/ros2/ros2_ws/install/smart_car/share/smart_car/hook/cmake_prefix_path.dsv'
[2.794s] INFO:colcon.colcon_core.shell:Creating environment hook '/home/ros2/ros2_ws/install/smart_car/share/smart_car/hook/cmake_prefix_path.sh'
[2.796s] Level 1:colcon.colcon_core.environment:checking '/home/ros2/ros2_ws/install/smart_car/lib'
[2.796s] Level 1:colcon.colcon_core.environment:checking '/home/ros2/ros2_ws/install/smart_car/libs'
[2.796s] Level 1:colcon.colcon_core.environment:checking '/home/ros2/ros2_ws/install/smart_car/bin'
[2.797s] Level 1:colcon.colcon_core.environment:checking '/home/ros2/ros2_ws/install/smart_car/lib/pkgconfig/smart_car.pc'
[2.797s] Level 1:colcon.colcon_core.environment:checking '/home/ros2/ros2_ws/install/smart_car/lib/python3.10/site-packages'
[2.797s] Level 1:colcon.colcon_core.environment:checking '/home/ros2/ros2_ws/install/smart_car/bin'
[2.797s] INFO:colcon.colcon_core.shell:Creating package script '/home/ros2/ros2_ws/install/smart_car/share/smart_car/package.ps1'
[2.798s] INFO:colcon.colcon_core.shell:Creating package descriptor '/home/ros2/ros2_ws/install/smart_car/share/smart_car/package.dsv'
[2.798s] INFO:colcon.colcon_core.shell:Creating package script '/home/ros2/ros2_ws/install/smart_car/share/smart_car/package.sh'
[2.799s] INFO:colcon.colcon_core.shell:Creating package script '/home/ros2/ros2_ws/install/smart_car/share/smart_car/package.bash'
[2.799s] INFO:colcon.colcon_core.shell:Creating package script '/home/ros2/ros2_ws/install/smart_car/share/smart_car/package.zsh'
[2.800s] Level 1:colcon.colcon_core.environment:create_file_with_runtime_dependencies(/home/ros2/ros2_ws/install/smart_car/share/colcon-core/packages/smart_car)
[2.826s] Level 1:colcon.colcon_core.environment:create_environment_scripts_only(smart_car)
[2.826s] Level 1:colcon.colcon_core.environment:checking '/home/ros2/ros2_ws/install/smart_car' for CMake module files
[2.827s] Level 1:colcon.colcon_core.environment:checking '/home/ros2/ros2_ws/install/smart_car' for CMake config files
[2.827s] Level 1:colcon.colcon_core.shell:create_environment_hook('smart_car', 'cmake_prefix_path')
[2.827s] INFO:colcon.colcon_core.shell:Creating environment hook '/home/ros2/ros2_ws/install/smart_car/share/smart_car/hook/cmake_prefix_path.ps1'
[2.828s] INFO:colcon.colcon_core.shell:Creating environment descriptor '/home/ros2/ros2_ws/install/smart_car/share/smart_car/hook/cmake_prefix_path.dsv'
[2.828s] INFO:colcon.colcon_core.shell:Creating environment hook '/home/ros2/ros2_ws/install/smart_car/share/smart_car/hook/cmake_prefix_path.sh'
[2.829s] Level 1:colcon.colcon_core.environment:checking '/home/ros2/ros2_ws/install/smart_car/lib'
[2.829s] Level 1:colcon.colcon_core.environment:checking '/home/ros2/ros2_ws/install/smart_car/libs'
[2.829s] Level 1:colcon.colcon_core.environment:checking '/home/ros2/ros2_ws/install/smart_car/bin'
[2.829s] Level 1:colcon.colcon_core.environment:checking '/home/ros2/ros2_ws/install/smart_car/lib/pkgconfig/smart_car.pc'
[2.829s] Level 1:colcon.colcon_core.environment:checking '/home/ros2/ros2_ws/install/smart_car/lib/python3.10/site-packages'
[2.829s] Level 1:colcon.colcon_core.environment:checking '/home/ros2/ros2_ws/install/smart_car/bin'
[2.830s] INFO:colcon.colcon_core.shell:Creating package script '/home/ros2/ros2_ws/install/smart_car/share/smart_car/package.ps1'
[2.830s] INFO:colcon.colcon_core.shell:Creating package descriptor '/home/ros2/ros2_ws/install/smart_car/share/smart_car/package.dsv'
[2.831s] INFO:colcon.colcon_core.shell:Creating package script '/home/ros2/ros2_ws/install/smart_car/share/smart_car/package.sh'
[2.831s] INFO:colcon.colcon_core.shell:Creating package script '/home/ros2/ros2_ws/install/smart_car/share/smart_car/package.bash'
[2.833s] INFO:colcon.colcon_core.shell:Creating package script '/home/ros2/ros2_ws/install/smart_car/share/smart_car/package.zsh'
[2.834s] Level 1:colcon.colcon_core.environment:create_file_with_runtime_dependencies(/home/ros2/ros2_ws/install/smart_car/share/colcon-core/packages/smart_car)
[5.344s] DEBUG:colcon.colcon_core.event_handler.log_command:Invoked command in '/home/ros2/ros2_ws/build/ackermann_msgs' returned '0': CMAKE_PREFIX_PATH=/opt/ros/humble /usr/bin/cmake /home/ros2/ros2_ws/src/ackermann_msgs -DAMENT_CMAKE_SYMLINK_INSTALL=1 -DCMAKE_INSTALL_PREFIX=/home/ros2/ros2_ws/install/ackermann_msgs
[5.348s] DEBUG:colcon.colcon_core.event_handler.log_command:Invoking command in '/home/ros2/ros2_ws/build/ackermann_msgs': CMAKE_PREFIX_PATH=/opt/ros/humble /usr/bin/cmake --build /home/ros2/ros2_ws/build/ackermann_msgs -- -j16 -l16
[8.867s] DEBUG:colcon.colcon_core.event_handler.log_command:Invoked command in '/home/ros2/ros2_ws/build/ackermann_msgs' returned '0': CMAKE_PREFIX_PATH=/opt/ros/humble /usr/bin/cmake --build /home/ros2/ros2_ws/build/ackermann_msgs -- -j16 -l16
[8.979s] DEBUG:colcon.colcon_core.event_handler.log_command:Invoking command in '/home/ros2/ros2_ws/build/ackermann_msgs': CMAKE_PREFIX_PATH=/opt/ros/humble /usr/bin/cmake --install /home/ros2/ros2_ws/build/ackermann_msgs
[9.723s] Level 1:colcon.colcon_core.environment:create_environment_scripts_only(ackermann_msgs)
[9.723s] DEBUG:colcon.colcon_core.event_handler.log_command:Invoked command in '/home/ros2/ros2_ws/build/ackermann_msgs' returned '0': CMAKE_PREFIX_PATH=/opt/ros/humble /usr/bin/cmake --install /home/ros2/ros2_ws/build/ackermann_msgs
[9.724s] Level 1:colcon.colcon_core.environment:checking '/home/ros2/ros2_ws/install/ackermann_msgs' for CMake module files
[9.725s] Level 1:colcon.colcon_core.environment:checking '/home/ros2/ros2_ws/install/ackermann_msgs' for CMake config files
[9.726s] Level 1:colcon.colcon_core.shell:create_environment_hook('ackermann_msgs', 'cmake_prefix_path')
[9.726s] INFO:colcon.colcon_core.shell:Creating environment hook '/home/ros2/ros2_ws/install/ackermann_msgs/share/ackermann_msgs/hook/cmake_prefix_path.ps1'
[9.728s] INFO:colcon.colcon_core.shell:Creating environment descriptor '/home/ros2/ros2_ws/install/ackermann_msgs/share/ackermann_msgs/hook/cmake_prefix_path.dsv'
[9.728s] INFO:colcon.colcon_core.shell:Creating environment hook '/home/ros2/ros2_ws/install/ackermann_msgs/share/ackermann_msgs/hook/cmake_prefix_path.sh'
[9.729s] Level 1:colcon.colcon_core.environment:checking '/home/ros2/ros2_ws/install/ackermann_msgs/lib'
[9.729s] Level 1:colcon.colcon_core.shell:create_environment_hook('ackermann_msgs', 'ld_library_path_lib')
[9.729s] INFO:colcon.colcon_core.shell:Creating environment hook '/home/ros2/ros2_ws/install/ackermann_msgs/share/ackermann_msgs/hook/ld_library_path_lib.ps1'
[9.730s] INFO:colcon.colcon_core.shell:Creating environment descriptor '/home/ros2/ros2_ws/install/ackermann_msgs/share/ackermann_msgs/hook/ld_library_path_lib.dsv'
[9.730s] INFO:colcon.colcon_core.shell:Creating environment hook '/home/ros2/ros2_ws/install/ackermann_msgs/share/ackermann_msgs/hook/ld_library_path_lib.sh'
[9.731s] Level 1:colcon.colcon_core.environment:checking '/home/ros2/ros2_ws/install/ackermann_msgs/bin'
[9.731s] Level 1:colcon.colcon_core.environment:checking '/home/ros2/ros2_ws/install/ackermann_msgs/lib/pkgconfig/ackermann_msgs.pc'
[9.731s] Level 1:colcon.colcon_core.environment:checking '/home/ros2/ros2_ws/install/ackermann_msgs/lib/python3.10/site-packages'
[9.732s] Level 1:colcon.colcon_core.environment:checking '/home/ros2/ros2_ws/install/ackermann_msgs/bin'
[9.732s] INFO:colcon.colcon_core.shell:Creating package script '/home/ros2/ros2_ws/install/ackermann_msgs/share/ackermann_msgs/package.ps1'
[9.733s] INFO:colcon.colcon_core.shell:Creating package descriptor '/home/ros2/ros2_ws/install/ackermann_msgs/share/ackermann_msgs/package.dsv'
[9.733s] INFO:colcon.colcon_core.shell:Creating package script '/home/ros2/ros2_ws/install/ackermann_msgs/share/ackermann_msgs/package.sh'
[9.734s] INFO:colcon.colcon_core.shell:Creating package script '/home/ros2/ros2_ws/install/ackermann_msgs/share/ackermann_msgs/package.bash'
[9.734s] INFO:colcon.colcon_core.shell:Creating package script '/home/ros2/ros2_ws/install/ackermann_msgs/share/ackermann_msgs/package.zsh'
[9.735s] Level 1:colcon.colcon_core.environment:create_file_with_runtime_dependencies(/home/ros2/ros2_ws/install/ackermann_msgs/share/colcon-core/packages/ackermann_msgs)
[9.845s] Level 1:colcon.colcon_core.environment:create_environment_scripts_only(ackermann_msgs)
[9.846s] Level 1:colcon.colcon_core.environment:checking '/home/ros2/ros2_ws/install/ackermann_msgs' for CMake module files
[9.846s] Level 1:colcon.colcon_core.environment:checking '/home/ros2/ros2_ws/install/ackermann_msgs' for CMake config files
[9.847s] Level 1:colcon.colcon_core.shell:create_environment_hook('ackermann_msgs', 'cmake_prefix_path')
[9.847s] INFO:colcon.colcon_core.shell:Creating environment hook '/home/ros2/ros2_ws/install/ackermann_msgs/share/ackermann_msgs/hook/cmake_prefix_path.ps1'
[9.848s] INFO:colcon.colcon_core.shell:Creating environment descriptor '/home/ros2/ros2_ws/install/ackermann_msgs/share/ackermann_msgs/hook/cmake_prefix_path.dsv'
[9.848s] INFO:colcon.colcon_core.shell:Creating environment hook '/home/ros2/ros2_ws/install/ackermann_msgs/share/ackermann_msgs/hook/cmake_prefix_path.sh'
[9.849s] Level 1:colcon.colcon_core.environment:checking '/home/ros2/ros2_ws/install/ackermann_msgs/lib'
[9.849s] Level 1:colcon.colcon_core.shell:create_environment_hook('ackermann_msgs', 'ld_library_path_lib')
[9.849s] INFO:colcon.colcon_core.shell:Creating environment hook '/home/ros2/ros2_ws/install/ackermann_msgs/share/ackermann_msgs/hook/ld_library_path_lib.ps1'
[9.850s] INFO:colcon.colcon_core.shell:Creating environment descriptor '/home/ros2/ros2_ws/install/ackermann_msgs/share/ackermann_msgs/hook/ld_library_path_lib.dsv'
[9.850s] INFO:colcon.colcon_core.shell:Creating environment hook '/home/ros2/ros2_ws/install/ackermann_msgs/share/ackermann_msgs/hook/ld_library_path_lib.sh'
[9.851s] Level 1:colcon.colcon_core.environment:checking '/home/ros2/ros2_ws/install/ackermann_msgs/bin'
[9.851s] Level 1:colcon.colcon_core.environment:checking '/home/ros2/ros2_ws/install/ackermann_msgs/lib/pkgconfig/ackermann_msgs.pc'
[9.851s] Level 1:colcon.colcon_core.environment:checking '/home/ros2/ros2_ws/install/ackermann_msgs/lib/python3.10/site-packages'
[9.851s] Level 1:colcon.colcon_core.environment:checking '/home/ros2/ros2_ws/install/ackermann_msgs/bin'
[9.852s] INFO:colcon.colcon_core.shell:Creating package script '/home/ros2/ros2_ws/install/ackermann_msgs/share/ackermann_msgs/package.ps1'
[9.852s] INFO:colcon.colcon_core.shell:Creating package descriptor '/home/ros2/ros2_ws/install/ackermann_msgs/share/ackermann_msgs/package.dsv'
[9.853s] INFO:colcon.colcon_core.shell:Creating package script '/home/ros2/ros2_ws/install/ackermann_msgs/share/ackermann_msgs/package.sh'
[9.853s] INFO:colcon.colcon_core.shell:Creating package script '/home/ros2/ros2_ws/install/ackermann_msgs/share/ackermann_msgs/package.bash'
[9.854s] INFO:colcon.colcon_core.shell:Creating package script '/home/ros2/ros2_ws/install/ackermann_msgs/share/ackermann_msgs/package.zsh'
[9.855s] Level 1:colcon.colcon_core.environment:create_file_with_runtime_dependencies(/home/ros2/ros2_ws/install/ackermann_msgs/share/colcon-core/packages/ackermann_msgs)
[9.855s] INFO:colcon.colcon_ros.task.ament_cmake.build:Building ROS package in '/home/ros2/ros2_ws/src/car_gazebo_plugin' with build type 'ament_cmake'
[9.856s] INFO:colcon.colcon_cmake.task.cmake.build:Building CMake package in '/home/ros2/ros2_ws/src/car_gazebo_plugin'
[9.857s] INFO:colcon.colcon_core.shell:Skip shell extension 'powershell' for command environment: Not usable outside of PowerShell
[9.857s] DEBUG:colcon.colcon_core.shell:Skip shell extension 'dsv' for command environment
[9.944s] DEBUG:colcon.colcon_core.event_handler.log_command:Invoking command in '/home/ros2/ros2_ws/build/car_gazebo_plugin': AMENT_PREFIX_PATH=/home/ros2/ros2_ws/install/ackermann_msgs:${AMENT_PREFIX_PATH} CMAKE_PREFIX_PATH=/home/ros2/ros2_ws/install/ackermann_msgs:/opt/ros/humble LD_LIBRARY_PATH=/home/ros2/ros2_ws/install/ackermann_msgs/lib:${LD_LIBRARY_PATH} PYTHONPATH=/home/ros2/ros2_ws/install/ackermann_msgs/local/lib/python3.10/dist-packages:${PYTHONPATH} /usr/bin/cmake /home/ros2/ros2_ws/src/car_gazebo_plugin -DAMENT_CMAKE_SYMLINK_INSTALL=1 -DCMAKE_INSTALL_PREFIX=/home/ros2/ros2_ws/install/car_gazebo_plugin
[44.488s] DEBUG:colcon.colcon_core.event_handler.log_command:Invoked command in '/home/ros2/ros2_ws/build/car_gazebo_plugin' returned '1': AMENT_PREFIX_PATH=/home/ros2/ros2_ws/install/ackermann_msgs:${AMENT_PREFIX_PATH} CMAKE_PREFIX_PATH=/home/ros2/ros2_ws/install/ackermann_msgs:/opt/ros/humble LD_LIBRARY_PATH=/home/ros2/ros2_ws/install/ackermann_msgs/lib:${LD_LIBRARY_PATH} PYTHONPATH=/home/ros2/ros2_ws/install/ackermann_msgs/local/lib/python3.10/dist-packages:${PYTHONPATH} /usr/bin/cmake /home/ros2/ros2_ws/src/car_gazebo_plugin -DAMENT_CMAKE_SYMLINK_INSTALL=1 -DCMAKE_INSTALL_PREFIX=/home/ros2/ros2_ws/install/car_gazebo_plugin
[44.502s] Level 1:colcon.colcon_core.environment:create_environment_scripts_only(car_gazebo_plugin)
[44.503s] Level 1:colcon.colcon_core.environment:checking '/home/ros2/ros2_ws/install/car_gazebo_plugin' for CMake module files
[44.503s] Level 1:colcon.colcon_core.environment:checking '/home/ros2/ros2_ws/install/car_gazebo_plugin' for CMake config files
[44.503s] Level 1:colcon.colcon_core.environment:checking '/home/ros2/ros2_ws/install/car_gazebo_plugin/bin'
[44.503s] Level 1:colcon.colcon_core.environment:checking '/home/ros2/ros2_ws/install/car_gazebo_plugin/lib/pkgconfig/car_gazebo_plugin.pc'
[44.503s] Level 1:colcon.colcon_core.environment:checking '/home/ros2/ros2_ws/install/car_gazebo_plugin/lib/python3.10/site-packages'
[44.504s] Level 1:colcon.colcon_core.environment:checking '/home/ros2/ros2_ws/install/car_gazebo_plugin/bin'
[44.504s] INFO:colcon.colcon_core.shell:Creating package script '/home/ros2/ros2_ws/install/car_gazebo_plugin/share/car_gazebo_plugin/package.ps1'
[44.505s] INFO:colcon.colcon_core.shell:Creating package descriptor '/home/ros2/ros2_ws/install/car_gazebo_plugin/share/car_gazebo_plugin/package.dsv'
[44.506s] INFO:colcon.colcon_core.shell:Creating package script '/home/ros2/ros2_ws/install/car_gazebo_plugin/share/car_gazebo_plugin/package.sh'
[44.506s] INFO:colcon.colcon_core.shell:Creating package script '/home/ros2/ros2_ws/install/car_gazebo_plugin/share/car_gazebo_plugin/package.bash'
[44.506s] INFO:colcon.colcon_core.shell:Creating package script '/home/ros2/ros2_ws/install/car_gazebo_plugin/share/car_gazebo_plugin/package.zsh'
[44.507s] Level 1:colcon.colcon_core.environment:create_file_with_runtime_dependencies(/home/ros2/ros2_ws/install/car_gazebo_plugin/share/colcon-core/packages/car_gazebo_plugin)
[44.508s] DEBUG:colcon.colcon_parallel_executor.executor.parallel:closing loop
[44.508s] DEBUG:colcon.colcon_parallel_executor.executor.parallel:loop closed
[44.509s] DEBUG:colcon.colcon_parallel_executor.executor.parallel:run_until_complete finished with '1'
[44.509s] DEBUG:colcon.colcon_core.event_reactor:joining thread
[44.581s] INFO:colcon.colcon_core.plugin_system:Skipping extension 'colcon_notification.desktop_notification.notify_send': Could not find 'notify-send'
[44.582s] INFO:colcon.colcon_core.plugin_system:Skipping extension 'colcon_notification.desktop_notification.terminal_notifier': Not used on non-Darwin systems
[44.582s] INFO:colcon.colcon_core.plugin_system:Skipping extension 'colcon_notification.desktop_notification.win32': Not used on non-Windows systems
[44.582s] INFO:colcon.colcon_notification.desktop_notification:Sending desktop notification using 'notify2'
[44.589s] DEBUG:colcon.colcon_notification.desktop_notification.notify2:Failed to initialize notify2: org.freedesktop.DBus.Error.ServiceUnknown: The name org.freedesktop.Notifications was not provided by any .service files
[44.589s] DEBUG:colcon.colcon_core.event_reactor:joined thread
[44.590s] INFO:colcon.colcon_core.shell:Creating prefix script '/home/ros2/ros2_ws/install/local_setup.ps1'
[44.592s] INFO:colcon.colcon_core.shell:Creating prefix util module '/home/ros2/ros2_ws/install/_local_setup_util_ps1.py'
[44.594s] INFO:colcon.colcon_core.shell:Creating prefix chain script '/home/ros2/ros2_ws/install/setup.ps1'
[44.596s] INFO:colcon.colcon_core.shell:Creating prefix script '/home/ros2/ros2_ws/install/local_setup.sh'
[44.598s] INFO:colcon.colcon_core.shell:Creating prefix util module '/home/ros2/ros2_ws/install/_local_setup_util_sh.py'
[44.598s] INFO:colcon.colcon_core.shell:Creating prefix chain script '/home/ros2/ros2_ws/install/setup.sh'
[44.600s] INFO:colcon.colcon_core.shell:Creating prefix script '/home/ros2/ros2_ws/install/local_setup.bash'
[44.602s] INFO:colcon.colcon_core.shell:Creating prefix chain script '/home/ros2/ros2_ws/install/setup.bash'
[44.603s] INFO:colcon.colcon_core.shell:Creating prefix script '/home/ros2/ros2_ws/install/local_setup.zsh'
[44.605s] INFO:colcon.colcon_core.shell:Creating prefix chain script '/home/ros2/ros2_ws/install/setup.zsh'
