[0.018s] Invoking command in '/home/ros2/ros2_ws/build/smart_car': CMAKE_PREFIX_PATH=${CMAKE_PREFIX_PATH}:/opt/ros/humble /usr/bin/cmake --build /home/ros2/ros2_ws/build/smart_car -- -j16 -l16
[0.070s] Built target ament_cmake_python_symlink_smart_car
[0.296s] running egg_info
[0.297s] writing smart_car.egg-info/PKG-INFO
[0.297s] writing dependency_links to smart_car.egg-info/dependency_links.txt
[0.297s] writing top-level names to smart_car.egg-info/top_level.txt
[0.299s] reading manifest file 'smart_car.egg-info/SOURCES.txt'
[0.299s] writing manifest file 'smart_car.egg-info/SOURCES.txt'
[0.342s] Built target ament_cmake_python_build_smart_car_egg
[0.354s] Invoked command in '/home/ros2/ros2_ws/build/smart_car' returned '0': CMAKE_PREFIX_PATH=${CMAKE_PREFIX_PATH}:/opt/ros/humble /usr/bin/cmake --build /home/ros2/ros2_ws/build/smart_car -- -j16 -l16
[0.388s] Invoking command in '/home/ros2/ros2_ws/build/smart_car': CMAKE_PREFIX_PATH=${CMAKE_PREFIX_PATH}:/opt/ros/humble /usr/bin/cmake --install /home/ros2/ros2_ws/build/smart_car
[0.394s] -- Install configuration: ""
[0.395s] -- Execute custom install script
[0.395s] -- Up-to-date symlink: /home/ros2/ros2_ws/install/smart_car/share/smart_car/environment/pythonpath.sh
[0.396s] -- Up-to-date symlink: /home/ros2/ros2_ws/install/smart_car/share/smart_car/environment/pythonpath.dsv
[0.396s] -- Up-to-date symlink: /home/ros2/ros2_ws/install/smart_car/local/lib/python3.10/dist-packages/smart_car-0.0.0-py3.10.egg-info/PKG-INFO
[0.397s] -- Up-to-date symlink: /home/ros2/ros2_ws/install/smart_car/local/lib/python3.10/dist-packages/smart_car-0.0.0-py3.10.egg-info/SOURCES.txt
[0.398s] -- Up-to-date symlink: /home/ros2/ros2_ws/install/smart_car/local/lib/python3.10/dist-packages/smart_car-0.0.0-py3.10.egg-info/dependency_links.txt
[0.398s] -- Up-to-date symlink: /home/ros2/ros2_ws/install/smart_car/local/lib/python3.10/dist-packages/smart_car-0.0.0-py3.10.egg-info/top_level.txt
[0.399s] -- Up-to-date symlink: /home/ros2/ros2_ws/install/smart_car/local/lib/python3.10/dist-packages/smart_car/__init__.py
[0.400s] -- Up-to-date symlink: /home/ros2/ros2_ws/install/smart_car/libs/smart_car/vehicle_interface.py
[0.400s] -- Up-to-date symlink: /home/ros2/ros2_ws/install/smart_car/libs/smart_car/joint_state_publisher.py
[0.401s] -- Up-to-date symlink: /home/ros2/ros2_ws/install/smart_car/libs/smart_car/joy_twist.py
[0.401s] -- Up-to-date symlink: /home/ros2/ros2_ws/install/smart_car/libs/smart_car/wheel_odom.py
[0.401s] -- Up-to-date symlink: /home/ros2/ros2_ws/install/smart_car/lib/smart_car/wheel_odom.py
[0.401s] -- Up-to-date symlink: /home/ros2/ros2_ws/install/smart_car/share/smart_car/urdf/imu_sensor.urdf.xacro
[0.401s] -- Up-to-date symlink: /home/ros2/ros2_ws/install/smart_car/share/smart_car/urdf/lidar_sensor.urdf.xacro
[0.402s] -- Up-to-date symlink: /home/ros2/ros2_ws/install/smart_car/share/smart_car/urdf/smartcar.urdf.xacro
[0.402s] -- Up-to-date symlink: /home/ros2/ros2_ws/install/smart_car/share/smart_car/launch/__pycache__/launch.cpython-310.pyc
[0.402s] -- Up-to-date symlink: /home/ros2/ros2_ws/install/smart_car/share/smart_car/launch/display.launch.py
[0.403s] -- Up-to-date symlink: /home/ros2/ros2_ws/install/smart_car/share/smart_car/launch/smartcar.launch.py
[0.403s] -- Up-to-date symlink: /home/ros2/ros2_ws/install/smart_car/share/smart_car/world/smalltown.world
[0.403s] -- Up-to-date symlink: /home/ros2/ros2_ws/install/smart_car/share/ament_index/resource_index/package_run_dependencies/smart_car
[0.403s] -- Up-to-date symlink: /home/ros2/ros2_ws/install/smart_car/share/ament_index/resource_index/parent_prefix_path/smart_car
[0.403s] -- Up-to-date symlink: /home/ros2/ros2_ws/install/smart_car/share/smart_car/environment/ament_prefix_path.sh
[0.403s] -- Up-to-date symlink: /home/ros2/ros2_ws/install/smart_car/share/smart_car/environment/ament_prefix_path.dsv
[0.403s] -- Up-to-date symlink: /home/ros2/ros2_ws/install/smart_car/share/smart_car/environment/path.sh
[0.403s] -- Up-to-date symlink: /home/ros2/ros2_ws/install/smart_car/share/smart_car/environment/path.dsv
[0.403s] -- Up-to-date symlink: /home/ros2/ros2_ws/install/smart_car/share/smart_car/local_setup.bash
[0.404s] -- Up-to-date symlink: /home/ros2/ros2_ws/install/smart_car/share/smart_car/local_setup.sh
[0.404s] -- Up-to-date symlink: /home/ros2/ros2_ws/install/smart_car/share/smart_car/local_setup.zsh
[0.404s] -- Up-to-date symlink: /home/ros2/ros2_ws/install/smart_car/share/smart_car/local_setup.dsv
[0.404s] -- Symlinking: /home/ros2/ros2_ws/install/smart_car/share/smart_car/package.dsv
[0.410s] -- Up-to-date symlink: /home/ros2/ros2_ws/install/smart_car/share/ament_index/resource_index/packages/smart_car
[0.410s] -- Up-to-date symlink: /home/ros2/ros2_ws/install/smart_car/share/smart_car/cmake/smart_carConfig.cmake
[0.410s] -- Up-to-date symlink: /home/ros2/ros2_ws/install/smart_car/share/smart_car/cmake/smart_carConfig-version.cmake
[0.410s] -- Up-to-date symlink: /home/ros2/ros2_ws/install/smart_car/share/smart_car/package.xml
[0.443s] Listing '/home/ros2/ros2_ws/install/smart_car/local/lib/python3.10/dist-packages/smart_car'...
[0.458s] Invoked command in '/home/ros2/ros2_ws/build/smart_car' returned '0': CMAKE_PREFIX_PATH=${CMAKE_PREFIX_PATH}:/opt/ros/humble /usr/bin/cmake --install /home/ros2/ros2_ws/build/smart_car
