[0.035s] Invoking command in '/home/ros2/ros2_ws/build/smart_car': CMAKE_PREFIX_PATH=${CMAKE_PREFIX_PATH}:/opt/ros/humble /usr/bin/cmake --build /home/ros2/ros2_ws/build/smart_car -- -j16 -l16
[0.108s] Built target ament_cmake_python_symlink_smart_car
[0.500s] running egg_info
[0.503s] writing smart_car.egg-info/PKG-INFO
[0.503s] writing dependency_links to smart_car.egg-info/dependency_links.txt
[0.503s] writing top-level names to smart_car.egg-info/top_level.txt
[0.506s] reading manifest file 'smart_car.egg-info/SOURCES.txt'
[0.507s] writing manifest file 'smart_car.egg-info/SOURCES.txt'
[0.559s] Built target ament_cmake_python_build_smart_car_egg
[0.574s] Invoked command in '/home/ros2/ros2_ws/build/smart_car' returned '0': CMAKE_PREFIX_PATH=${CMAKE_PREFIX_PATH}:/opt/ros/humble /usr/bin/cmake --build /home/ros2/ros2_ws/build/smart_car -- -j16 -l16
[0.626s] Invoking command in '/home/ros2/ros2_ws/build/smart_car': CMAKE_PREFIX_PATH=${CMAKE_PREFIX_PATH}:/opt/ros/humble /usr/bin/cmake --install /home/ros2/ros2_ws/build/smart_car
[0.634s] -- Install configuration: ""
[0.635s] -- Execute custom install script
[0.635s] -- Up-to-date symlink: /home/ros2/ros2_ws/install/smart_car/share/smart_car/environment/pythonpath.sh
[0.636s] -- Up-to-date symlink: /home/ros2/ros2_ws/install/smart_car/share/smart_car/environment/pythonpath.dsv
[0.636s] -- Up-to-date symlink: /home/ros2/ros2_ws/install/smart_car/local/lib/python3.10/dist-packages/smart_car-0.0.0-py3.10.egg-info/PKG-INFO
[0.637s] -- Up-to-date symlink: /home/ros2/ros2_ws/install/smart_car/local/lib/python3.10/dist-packages/smart_car-0.0.0-py3.10.egg-info/SOURCES.txt
[0.638s] -- Up-to-date symlink: /home/ros2/ros2_ws/install/smart_car/local/lib/python3.10/dist-packages/smart_car-0.0.0-py3.10.egg-info/dependency_links.txt
[0.639s] -- Up-to-date symlink: /home/ros2/ros2_ws/install/smart_car/local/lib/python3.10/dist-packages/smart_car-0.0.0-py3.10.egg-info/top_level.txt
[0.639s] -- Up-to-date symlink: /home/ros2/ros2_ws/install/smart_car/local/lib/python3.10/dist-packages/smart_car/__init__.py
[0.640s] -- Up-to-date symlink: /home/ros2/ros2_ws/install/smart_car/libs/smart_car/vehicle_interface.py
[0.641s] -- Up-to-date symlink: /home/ros2/ros2_ws/install/smart_car/libs/smart_car/joint_state_publisher.py
[0.641s] -- Up-to-date symlink: /home/ros2/ros2_ws/install/smart_car/libs/smart_car/joy_twist.py
[0.642s] -- Up-to-date symlink: /home/ros2/ros2_ws/install/smart_car/libs/smart_car/wheel_odom.py
[0.642s] -- Up-to-date symlink: /home/ros2/ros2_ws/install/smart_car/lib/smart_car/wheel_odom.py
[0.643s] -- Up-to-date symlink: /home/ros2/ros2_ws/install/smart_car/share/smart_car/urdf/imu_sensor.urdf.xacro
[0.644s] -- Up-to-date symlink: /home/ros2/ros2_ws/install/smart_car/share/smart_car/urdf/lidar_sensor.urdf.xacro
[0.645s] -- Up-to-date symlink: /home/ros2/ros2_ws/install/smart_car/share/smart_car/urdf/smartcar.urdf.xacro
[0.646s] -- Up-to-date symlink: /home/ros2/ros2_ws/install/smart_car/share/smart_car/launch/__pycache__/launch.cpython-310.pyc
[0.646s] -- Up-to-date symlink: /home/ros2/ros2_ws/install/smart_car/share/smart_car/launch/display.launch.py
[0.646s] -- Up-to-date symlink: /home/ros2/ros2_ws/install/smart_car/share/smart_car/launch/smartcar.launch.py
[0.647s] -- Up-to-date symlink: /home/ros2/ros2_ws/install/smart_car/share/smart_car/world/smalltown.world
[0.647s] -- Up-to-date symlink: /home/ros2/ros2_ws/install/smart_car/share/ament_index/resource_index/package_run_dependencies/smart_car
[0.647s] -- Up-to-date symlink: /home/ros2/ros2_ws/install/smart_car/share/ament_index/resource_index/parent_prefix_path/smart_car
[0.647s] -- Up-to-date symlink: /home/ros2/ros2_ws/install/smart_car/share/smart_car/environment/ament_prefix_path.sh
[0.647s] -- Up-to-date symlink: /home/ros2/ros2_ws/install/smart_car/share/smart_car/environment/ament_prefix_path.dsv
[0.647s] -- Up-to-date symlink: /home/ros2/ros2_ws/install/smart_car/share/smart_car/environment/path.sh
[0.648s] -- Up-to-date symlink: /home/ros2/ros2_ws/install/smart_car/share/smart_car/environment/path.dsv
[0.648s] -- Up-to-date symlink: /home/ros2/ros2_ws/install/smart_car/share/smart_car/local_setup.bash
[0.648s] -- Up-to-date symlink: /home/ros2/ros2_ws/install/smart_car/share/smart_car/local_setup.sh
[0.648s] -- Up-to-date symlink: /home/ros2/ros2_ws/install/smart_car/share/smart_car/local_setup.zsh
[0.648s] -- Up-to-date symlink: /home/ros2/ros2_ws/install/smart_car/share/smart_car/local_setup.dsv
[0.648s] -- Symlinking: /home/ros2/ros2_ws/install/smart_car/share/smart_car/package.dsv
[0.659s] -- Up-to-date symlink: /home/ros2/ros2_ws/install/smart_car/share/ament_index/resource_index/packages/smart_car
[0.659s] -- Up-to-date symlink: /home/ros2/ros2_ws/install/smart_car/share/smart_car/cmake/smart_carConfig.cmake
[0.659s] -- Up-to-date symlink: /home/ros2/ros2_ws/install/smart_car/share/smart_car/cmake/smart_carConfig-version.cmake
[0.659s] -- Up-to-date symlink: /home/ros2/ros2_ws/install/smart_car/share/smart_car/package.xml
[0.702s] Listing '/home/ros2/ros2_ws/install/smart_car/local/lib/python3.10/dist-packages/smart_car'...
[0.729s] Invoked command in '/home/ros2/ros2_ws/build/smart_car' returned '0': CMAKE_PREFIX_PATH=${CMAKE_PREFIX_PATH}:/opt/ros/humble /usr/bin/cmake --install /home/ros2/ros2_ws/build/smart_car
