[0.315s] DEBUG:colcon:Command line arguments: ['/home/ros2/.local/bin/colcon', 'build', '--symlink-install']
[0.316s] DEBUG:colcon:Parsed command line arguments: Namespace(log_base=None, log_level=None, verb_name='build', build_base='build', install_base='install', merge_install=False, symlink_install=True, test_result_base=None, continue_on_error=False, executor='parallel', parallel_workers=16, event_handlers=None, ignore_user_meta=False, metas=['./colcon.meta'], base_paths=['.'], packages_ignore=None, packages_ignore_regex=None, paths=None, packages_up_to=None, packages_up_to_regex=None, packages_above=None, packages_above_and_dependencies=None, packages_above_depth=None, packages_select_by_dep=None, packages_skip_by_dep=None, packages_skip_up_to=None, packages_select_build_failed=False, packages_skip_build_finished=False, packages_select_test_failures=False, packages_skip_test_passed=False, packages_select=None, packages_skip=None, packages_select_regex=None, packages_skip_regex=None, packages_start=None, packages_end=None, allow_overriding=[], cmake_args=None, cmake_target=None, cmake_target_skip_unavailable=False, cmake_clean_cache=False, cmake_clean_first=False, cmake_force_configure=False, ament_cmake_args=None, catkin_cmake_args=None, catkin_skip_building_tests=False, verb_parser=<colcon_defaults.argument_parser.defaults.DefaultArgumentsDecorator object at 0x7fb6b6c75180>, verb_extension=<colcon_core.verb.build.BuildVerb object at 0x7fb6b6c74910>, main=<bound method BuildVerb.main of <colcon_core.verb.build.BuildVerb object at 0x7fb6b6c74910>>)
[0.554s] Level 1:colcon.colcon_core.package_discovery:discover_packages(colcon_meta) check parameters
[0.554s] Level 1:colcon.colcon_core.package_discovery:discover_packages(recursive) check parameters
[0.554s] Level 1:colcon.colcon_core.package_discovery:discover_packages(ignore) check parameters
[0.554s] Level 1:colcon.colcon_core.package_discovery:discover_packages(path) check parameters
[0.554s] Level 1:colcon.colcon_core.package_discovery:discover_packages(colcon_meta) discover
[0.555s] Level 1:colcon.colcon_core.package_discovery:discover_packages(recursive) discover
[0.555s] INFO:colcon.colcon_core.package_discovery:Crawling recursively for packages in '/home/ros2/ros2_ws'
[0.555s] Level 1:colcon.colcon_core.package_identification:_identify(.) by extensions ['ignore', 'ignore_ament_install']
[0.555s] Level 1:colcon.colcon_core.package_identification:_identify(.) by extension 'ignore'
[0.555s] Level 1:colcon.colcon_core.package_identification:_identify(.) by extension 'ignore_ament_install'
[0.556s] Level 1:colcon.colcon_core.package_identification:_identify(.) by extensions ['colcon_pkg']
[0.556s] Level 1:colcon.colcon_core.package_identification:_identify(.) by extension 'colcon_pkg'
[0.556s] Level 1:colcon.colcon_core.package_identification:_identify(.) by extensions ['colcon_meta']
[0.556s] Level 1:colcon.colcon_core.package_identification:_identify(.) by extension 'colcon_meta'
[0.557s] Level 1:colcon.colcon_core.package_identification:_identify(.) by extensions ['ros']
[0.557s] Level 1:colcon.colcon_core.package_identification:_identify(.) by extension 'ros'
[0.579s] Level 1:colcon.colcon_core.package_identification:_identify(.) by extensions ['cmake', 'python']
[0.579s] Level 1:colcon.colcon_core.package_identification:_identify(.) by extension 'cmake'
[0.580s] Level 1:colcon.colcon_core.package_identification:_identify(.) by extension 'python'
[0.580s] Level 1:colcon.colcon_core.package_identification:_identify(.) by extensions ['python_setup_py']
[0.580s] Level 1:colcon.colcon_core.package_identification:_identify(.) by extension 'python_setup_py'
[0.580s] Level 1:colcon.colcon_core.package_identification:_identify(build) by extensions ['ignore', 'ignore_ament_install']
[0.580s] Level 1:colcon.colcon_core.package_identification:_identify(build) by extension 'ignore'
[0.580s] Level 1:colcon.colcon_core.package_identification:_identify(build) ignored
[0.581s] Level 1:colcon.colcon_core.package_identification:_identify(install) by extensions ['ignore', 'ignore_ament_install']
[0.581s] Level 1:colcon.colcon_core.package_identification:_identify(install) by extension 'ignore'
[0.581s] Level 1:colcon.colcon_core.package_identification:_identify(install) ignored
[0.581s] Level 1:colcon.colcon_core.package_identification:_identify(log) by extensions ['ignore', 'ignore_ament_install']
[0.582s] Level 1:colcon.colcon_core.package_identification:_identify(log) by extension 'ignore'
[0.582s] Level 1:colcon.colcon_core.package_identification:_identify(log) ignored
[0.582s] Level 1:colcon.colcon_core.package_identification:_identify(src) by extensions ['ignore', 'ignore_ament_install']
[0.582s] Level 1:colcon.colcon_core.package_identification:_identify(src) by extension 'ignore'
[0.582s] Level 1:colcon.colcon_core.package_identification:_identify(src) by extension 'ignore_ament_install'
[0.582s] Level 1:colcon.colcon_core.package_identification:_identify(src) by extensions ['colcon_pkg']
[0.583s] Level 1:colcon.colcon_core.package_identification:_identify(src) by extension 'colcon_pkg'
[0.583s] Level 1:colcon.colcon_core.package_identification:_identify(src) by extensions ['colcon_meta']
[0.583s] Level 1:colcon.colcon_core.package_identification:_identify(src) by extension 'colcon_meta'
[0.583s] Level 1:colcon.colcon_core.package_identification:_identify(src) by extensions ['ros']
[0.583s] Level 1:colcon.colcon_core.package_identification:_identify(src) by extension 'ros'
[0.583s] Level 1:colcon.colcon_core.package_identification:_identify(src) by extensions ['cmake', 'python']
[0.583s] Level 1:colcon.colcon_core.package_identification:_identify(src) by extension 'cmake'
[0.583s] Level 1:colcon.colcon_core.package_identification:_identify(src) by extension 'python'
[0.583s] Level 1:colcon.colcon_core.package_identification:_identify(src) by extensions ['python_setup_py']
[0.583s] Level 1:colcon.colcon_core.package_identification:_identify(src) by extension 'python_setup_py'
[0.583s] Level 1:colcon.colcon_core.package_identification:_identify(src/smart_car) by extensions ['ignore', 'ignore_ament_install']
[0.584s] Level 1:colcon.colcon_core.package_identification:_identify(src/smart_car) by extension 'ignore'
[0.584s] Level 1:colcon.colcon_core.package_identification:_identify(src/smart_car) by extension 'ignore_ament_install'
[0.585s] Level 1:colcon.colcon_core.package_identification:_identify(src/smart_car) by extensions ['colcon_pkg']
[0.586s] Level 1:colcon.colcon_core.package_identification:_identify(src/smart_car) by extension 'colcon_pkg'
[0.586s] Level 1:colcon.colcon_core.package_identification:_identify(src/smart_car) by extensions ['colcon_meta']
[0.586s] Level 1:colcon.colcon_core.package_identification:_identify(src/smart_car) by extension 'colcon_meta'
[0.586s] Level 1:colcon.colcon_core.package_identification:_identify(src/smart_car) by extensions ['ros']
[0.586s] Level 1:colcon.colcon_core.package_identification:_identify(src/smart_car) by extension 'ros'
[0.590s] DEBUG:colcon.colcon_core.package_identification:Package 'src/smart_car' with type 'ros.ament_cmake' and name 'smart_car'
[0.591s] Level 1:colcon.colcon_core.package_identification:_identify(src/smartcar_msgs) by extensions ['ignore', 'ignore_ament_install']
[0.591s] Level 1:colcon.colcon_core.package_identification:_identify(src/smartcar_msgs) by extension 'ignore'
[0.591s] Level 1:colcon.colcon_core.package_identification:_identify(src/smartcar_msgs) by extension 'ignore_ament_install'
[0.591s] Level 1:colcon.colcon_core.package_identification:_identify(src/smartcar_msgs) by extensions ['colcon_pkg']
[0.592s] Level 1:colcon.colcon_core.package_identification:_identify(src/smartcar_msgs) by extension 'colcon_pkg'
[0.592s] Level 1:colcon.colcon_core.package_identification:_identify(src/smartcar_msgs) by extensions ['colcon_meta']
[0.592s] Level 1:colcon.colcon_core.package_identification:_identify(src/smartcar_msgs) by extension 'colcon_meta'
[0.592s] Level 1:colcon.colcon_core.package_identification:_identify(src/smartcar_msgs) by extensions ['ros']
[0.592s] Level 1:colcon.colcon_core.package_identification:_identify(src/smartcar_msgs) by extension 'ros'
[0.593s] DEBUG:colcon.colcon_core.package_identification:Package 'src/smartcar_msgs' with type 'ros.ament_cmake' and name 'smartcar_msgs'
[0.593s] Level 1:colcon.colcon_core.package_identification:_identify(src/urdf) by extensions ['ignore', 'ignore_ament_install']
[0.593s] Level 1:colcon.colcon_core.package_identification:_identify(src/urdf) by extension 'ignore'
[0.593s] Level 1:colcon.colcon_core.package_identification:_identify(src/urdf) by extension 'ignore_ament_install'
[0.593s] Level 1:colcon.colcon_core.package_identification:_identify(src/urdf) by extensions ['colcon_pkg']
[0.594s] Level 1:colcon.colcon_core.package_identification:_identify(src/urdf) by extension 'colcon_pkg'
[0.594s] Level 1:colcon.colcon_core.package_identification:_identify(src/urdf) by extensions ['colcon_meta']
[0.594s] Level 1:colcon.colcon_core.package_identification:_identify(src/urdf) by extension 'colcon_meta'
[0.594s] Level 1:colcon.colcon_core.package_identification:_identify(src/urdf) by extensions ['ros']
[0.594s] Level 1:colcon.colcon_core.package_identification:_identify(src/urdf) by extension 'ros'
[0.594s] Level 1:colcon.colcon_core.package_identification:_identify(src/urdf) by extensions ['cmake', 'python']
[0.594s] Level 1:colcon.colcon_core.package_identification:_identify(src/urdf) by extension 'cmake'
[0.594s] Level 1:colcon.colcon_core.package_identification:_identify(src/urdf) by extension 'python'
[0.594s] Level 1:colcon.colcon_core.package_identification:_identify(src/urdf) by extensions ['python_setup_py']
[0.594s] Level 1:colcon.colcon_core.package_identification:_identify(src/urdf) by extension 'python_setup_py'
[0.594s] Level 1:colcon.colcon_core.package_identification:_identify(src/urdf/__pycache__) by extensions ['ignore', 'ignore_ament_install']
[0.595s] Level 1:colcon.colcon_core.package_identification:_identify(src/urdf/__pycache__) by extension 'ignore'
[0.595s] Level 1:colcon.colcon_core.package_identification:_identify(src/urdf/__pycache__) by extension 'ignore_ament_install'
[0.595s] Level 1:colcon.colcon_core.package_identification:_identify(src/urdf/__pycache__) by extensions ['colcon_pkg']
[0.595s] Level 1:colcon.colcon_core.package_identification:_identify(src/urdf/__pycache__) by extension 'colcon_pkg'
[0.595s] Level 1:colcon.colcon_core.package_identification:_identify(src/urdf/__pycache__) by extensions ['colcon_meta']
[0.595s] Level 1:colcon.colcon_core.package_identification:_identify(src/urdf/__pycache__) by extension 'colcon_meta'
[0.596s] Level 1:colcon.colcon_core.package_identification:_identify(src/urdf/__pycache__) by extensions ['ros']
[0.596s] Level 1:colcon.colcon_core.package_identification:_identify(src/urdf/__pycache__) by extension 'ros'
[0.596s] Level 1:colcon.colcon_core.package_identification:_identify(src/urdf/__pycache__) by extensions ['cmake', 'python']
[0.597s] Level 1:colcon.colcon_core.package_identification:_identify(src/urdf/__pycache__) by extension 'cmake'
[0.597s] Level 1:colcon.colcon_core.package_identification:_identify(src/urdf/__pycache__) by extension 'python'
[0.597s] Level 1:colcon.colcon_core.package_identification:_identify(src/urdf/__pycache__) by extensions ['python_setup_py']
[0.597s] Level 1:colcon.colcon_core.package_identification:_identify(src/urdf/__pycache__) by extension 'python_setup_py'
[0.597s] Level 1:colcon.colcon_core.package_discovery:discover_packages(recursive) using defaults
[0.598s] Level 1:colcon.colcon_core.package_discovery:discover_packages(ignore) discover
[0.598s] Level 1:colcon.colcon_core.package_discovery:discover_packages(ignore) using defaults
[0.598s] Level 1:colcon.colcon_core.package_discovery:discover_packages(path) discover
[0.598s] Level 1:colcon.colcon_core.package_discovery:discover_packages(path) using defaults
[0.638s] Level 1:colcon.colcon_core.package_discovery:discover_packages(prefix_path) check parameters
[0.638s] Level 1:colcon.colcon_core.package_discovery:discover_packages(prefix_path) discover
[0.641s] DEBUG:colcon.colcon_installed_package_information.package_discovery:Found 2 installed packages in /home/ros2/ros2_ws/install
[0.643s] DEBUG:colcon.colcon_installed_package_information.package_discovery:Found 280 installed packages in /opt/ros/humble
[0.647s] Level 1:colcon.colcon_core.package_discovery:discover_packages(prefix_path) using defaults
[0.724s] Level 5:colcon.colcon_core.verb:set package 'smart_car' build argument 'cmake_args' from command line to 'None'
[0.725s] Level 5:colcon.colcon_core.verb:set package 'smart_car' build argument 'cmake_target' from command line to 'None'
[0.725s] Level 5:colcon.colcon_core.verb:set package 'smart_car' build argument 'cmake_target_skip_unavailable' from command line to 'False'
[0.725s] Level 5:colcon.colcon_core.verb:set package 'smart_car' build argument 'cmake_clean_cache' from command line to 'False'
[0.725s] Level 5:colcon.colcon_core.verb:set package 'smart_car' build argument 'cmake_clean_first' from command line to 'False'
[0.725s] Level 5:colcon.colcon_core.verb:set package 'smart_car' build argument 'cmake_force_configure' from command line to 'False'
[0.725s] Level 5:colcon.colcon_core.verb:set package 'smart_car' build argument 'ament_cmake_args' from command line to 'None'
[0.725s] Level 5:colcon.colcon_core.verb:set package 'smart_car' build argument 'catkin_cmake_args' from command line to 'None'
[0.725s] Level 5:colcon.colcon_core.verb:set package 'smart_car' build argument 'catkin_skip_building_tests' from command line to 'False'
[0.725s] DEBUG:colcon.colcon_core.verb:Building package 'smart_car' with the following arguments: {'ament_cmake_args': None, 'build_base': '/home/ros2/ros2_ws/build/smart_car', 'catkin_cmake_args': None, 'catkin_skip_building_tests': False, 'cmake_args': None, 'cmake_clean_cache': False, 'cmake_clean_first': False, 'cmake_force_configure': False, 'cmake_target': None, 'cmake_target_skip_unavailable': False, 'install_base': '/home/ros2/ros2_ws/install/smart_car', 'merge_install': False, 'path': '/home/ros2/ros2_ws/src/smart_car', 'symlink_install': True, 'test_result_base': None}
[0.725s] Level 5:colcon.colcon_core.verb:set package 'smartcar_msgs' build argument 'cmake_args' from command line to 'None'
[0.726s] Level 5:colcon.colcon_core.verb:set package 'smartcar_msgs' build argument 'cmake_target' from command line to 'None'
[0.726s] Level 5:colcon.colcon_core.verb:set package 'smartcar_msgs' build argument 'cmake_target_skip_unavailable' from command line to 'False'
[0.726s] Level 5:colcon.colcon_core.verb:set package 'smartcar_msgs' build argument 'cmake_clean_cache' from command line to 'False'
[0.726s] Level 5:colcon.colcon_core.verb:set package 'smartcar_msgs' build argument 'cmake_clean_first' from command line to 'False'
[0.726s] Level 5:colcon.colcon_core.verb:set package 'smartcar_msgs' build argument 'cmake_force_configure' from command line to 'False'
[0.726s] Level 5:colcon.colcon_core.verb:set package 'smartcar_msgs' build argument 'ament_cmake_args' from command line to 'None'
[0.726s] Level 5:colcon.colcon_core.verb:set package 'smartcar_msgs' build argument 'catkin_cmake_args' from command line to 'None'
[0.726s] Level 5:colcon.colcon_core.verb:set package 'smartcar_msgs' build argument 'catkin_skip_building_tests' from command line to 'False'
[0.726s] DEBUG:colcon.colcon_core.verb:Building package 'smartcar_msgs' with the following arguments: {'ament_cmake_args': None, 'build_base': '/home/ros2/ros2_ws/build/smartcar_msgs', 'catkin_cmake_args': None, 'catkin_skip_building_tests': False, 'cmake_args': None, 'cmake_clean_cache': False, 'cmake_clean_first': False, 'cmake_force_configure': False, 'cmake_target': None, 'cmake_target_skip_unavailable': False, 'install_base': '/home/ros2/ros2_ws/install/smartcar_msgs', 'merge_install': False, 'path': '/home/ros2/ros2_ws/src/smartcar_msgs', 'symlink_install': True, 'test_result_base': None}
[0.726s] INFO:colcon.colcon_core.executor:Executing jobs using 'parallel' executor
[0.728s] DEBUG:colcon.colcon_parallel_executor.executor.parallel:run_until_complete
[0.728s] INFO:colcon.colcon_ros.task.ament_cmake.build:Building ROS package in '/home/ros2/ros2_ws/src/smart_car' with build type 'ament_cmake'
[0.728s] INFO:colcon.colcon_cmake.task.cmake.build:Building CMake package in '/home/ros2/ros2_ws/src/smart_car'
[0.733s] INFO:colcon.colcon_core.plugin_system:Skipping extension 'colcon_core.shell.bat': Not used on non-Windows systems
[0.733s] INFO:colcon.colcon_core.shell:Skip shell extension 'powershell' for command environment: Not usable outside of PowerShell
[0.733s] DEBUG:colcon.colcon_core.shell:Skip shell extension 'dsv' for command environment
[0.741s] INFO:colcon.colcon_ros.task.ament_cmake.build:Building ROS package in '/home/ros2/ros2_ws/src/smartcar_msgs' with build type 'ament_cmake'
[0.743s] INFO:colcon.colcon_cmake.task.cmake.build:Building CMake package in '/home/ros2/ros2_ws/src/smartcar_msgs'
[0.744s] INFO:colcon.colcon_core.shell:Skip shell extension 'powershell' for command environment: Not usable outside of PowerShell
[0.744s] DEBUG:colcon.colcon_core.shell:Skip shell extension 'dsv' for command environment
[0.770s] DEBUG:colcon.colcon_core.event_handler.log_command:Invoking command in '/home/ros2/ros2_ws/build/smart_car': CMAKE_PREFIX_PATH=${CMAKE_PREFIX_PATH}:/opt/ros/humble /usr/bin/cmake --build /home/ros2/ros2_ws/build/smart_car -- -j16 -l16
[0.781s] DEBUG:colcon.colcon_core.event_handler.log_command:Invoking command in '/home/ros2/ros2_ws/build/smartcar_msgs': CMAKE_PREFIX_PATH=${CMAKE_PREFIX_PATH}:/opt/ros/humble /usr/bin/cmake --build /home/ros2/ros2_ws/build/smartcar_msgs -- -j16 -l16
[1.352s] DEBUG:colcon.colcon_core.event_handler.log_command:Invoked command in '/home/ros2/ros2_ws/build/smart_car' returned '0': CMAKE_PREFIX_PATH=${CMAKE_PREFIX_PATH}:/opt/ros/humble /usr/bin/cmake --build /home/ros2/ros2_ws/build/smart_car -- -j16 -l16
[1.362s] DEBUG:colcon.colcon_core.event_handler.log_command:Invoked command in '/home/ros2/ros2_ws/build/smartcar_msgs' returned '0': CMAKE_PREFIX_PATH=${CMAKE_PREFIX_PATH}:/opt/ros/humble /usr/bin/cmake --build /home/ros2/ros2_ws/build/smartcar_msgs -- -j16 -l16
[1.403s] DEBUG:colcon.colcon_core.event_handler.log_command:Invoking command in '/home/ros2/ros2_ws/build/smart_car': CMAKE_PREFIX_PATH=${CMAKE_PREFIX_PATH}:/opt/ros/humble /usr/bin/cmake --install /home/ros2/ros2_ws/build/smart_car
[1.469s] DEBUG:colcon.colcon_core.event_handler.log_command:Invoking command in '/home/ros2/ros2_ws/build/smartcar_msgs': CMAKE_PREFIX_PATH=${CMAKE_PREFIX_PATH}:/opt/ros/humble /usr/bin/cmake --install /home/ros2/ros2_ws/build/smartcar_msgs
[1.499s] Level 1:colcon.colcon_core.environment:create_environment_scripts_only(smart_car)
[1.512s] DEBUG:colcon.colcon_core.event_handler.log_command:Invoked command in '/home/ros2/ros2_ws/build/smart_car' returned '0': CMAKE_PREFIX_PATH=${CMAKE_PREFIX_PATH}:/opt/ros/humble /usr/bin/cmake --install /home/ros2/ros2_ws/build/smart_car
[1.516s] Level 1:colcon.colcon_core.environment:checking '/home/ros2/ros2_ws/install/smart_car' for CMake module files
[1.522s] Level 1:colcon.colcon_core.environment:checking '/home/ros2/ros2_ws/install/smart_car' for CMake config files
[1.530s] Level 1:colcon.colcon_core.shell:create_environment_hook('smart_car', 'cmake_prefix_path')
[1.530s] INFO:colcon.colcon_core.shell:Creating environment hook '/home/ros2/ros2_ws/install/smart_car/share/smart_car/hook/cmake_prefix_path.ps1'
[1.533s] INFO:colcon.colcon_core.shell:Creating environment descriptor '/home/ros2/ros2_ws/install/smart_car/share/smart_car/hook/cmake_prefix_path.dsv'
[1.536s] INFO:colcon.colcon_core.shell:Creating environment hook '/home/ros2/ros2_ws/install/smart_car/share/smart_car/hook/cmake_prefix_path.sh'
[1.538s] Level 1:colcon.colcon_core.environment:checking '/home/ros2/ros2_ws/install/smart_car/lib'
[1.538s] Level 1:colcon.colcon_core.environment:checking '/home/ros2/ros2_ws/install/smart_car/libs'
[1.539s] Level 1:colcon.colcon_core.environment:checking '/home/ros2/ros2_ws/install/smart_car/bin'
[1.539s] Level 1:colcon.colcon_core.environment:checking '/home/ros2/ros2_ws/install/smart_car/lib/pkgconfig/smart_car.pc'
[1.539s] Level 1:colcon.colcon_core.environment:checking '/home/ros2/ros2_ws/install/smart_car/lib/python3.10/site-packages'
[1.540s] Level 1:colcon.colcon_core.environment:checking '/home/ros2/ros2_ws/install/smart_car/bin'
[1.541s] INFO:colcon.colcon_core.shell:Creating package script '/home/ros2/ros2_ws/install/smart_car/share/smart_car/package.ps1'
[1.542s] INFO:colcon.colcon_core.shell:Creating package descriptor '/home/ros2/ros2_ws/install/smart_car/share/smart_car/package.dsv'
[1.544s] INFO:colcon.colcon_core.shell:Creating package script '/home/ros2/ros2_ws/install/smart_car/share/smart_car/package.sh'
[1.545s] INFO:colcon.colcon_core.shell:Creating package script '/home/ros2/ros2_ws/install/smart_car/share/smart_car/package.bash'
[1.547s] INFO:colcon.colcon_core.shell:Creating package script '/home/ros2/ros2_ws/install/smart_car/share/smart_car/package.zsh'
[1.548s] Level 1:colcon.colcon_core.environment:create_file_with_runtime_dependencies(/home/ros2/ros2_ws/install/smart_car/share/colcon-core/packages/smart_car)
[1.590s] Level 1:colcon.colcon_core.environment:create_environment_scripts_only(smartcar_msgs)
[1.591s] Level 1:colcon.colcon_core.environment:checking '/home/ros2/ros2_ws/install/smartcar_msgs' for CMake module files
[1.592s] DEBUG:colcon.colcon_core.event_handler.log_command:Invoked command in '/home/ros2/ros2_ws/build/smartcar_msgs' returned '0': CMAKE_PREFIX_PATH=${CMAKE_PREFIX_PATH}:/opt/ros/humble /usr/bin/cmake --install /home/ros2/ros2_ws/build/smartcar_msgs
[1.594s] Level 1:colcon.colcon_core.environment:checking '/home/ros2/ros2_ws/install/smartcar_msgs' for CMake config files
[1.595s] Level 1:colcon.colcon_core.shell:create_environment_hook('smartcar_msgs', 'cmake_prefix_path')
[1.595s] INFO:colcon.colcon_core.shell:Creating environment hook '/home/ros2/ros2_ws/install/smartcar_msgs/share/smartcar_msgs/hook/cmake_prefix_path.ps1'
[1.596s] INFO:colcon.colcon_core.shell:Creating environment descriptor '/home/ros2/ros2_ws/install/smartcar_msgs/share/smartcar_msgs/hook/cmake_prefix_path.dsv'
[1.596s] INFO:colcon.colcon_core.shell:Creating environment hook '/home/ros2/ros2_ws/install/smartcar_msgs/share/smartcar_msgs/hook/cmake_prefix_path.sh'
[1.597s] Level 1:colcon.colcon_core.environment:checking '/home/ros2/ros2_ws/install/smartcar_msgs/lib'
[1.597s] Level 1:colcon.colcon_core.shell:create_environment_hook('smartcar_msgs', 'ld_library_path_lib')
[1.598s] INFO:colcon.colcon_core.shell:Creating environment hook '/home/ros2/ros2_ws/install/smartcar_msgs/share/smartcar_msgs/hook/ld_library_path_lib.ps1'
[1.599s] INFO:colcon.colcon_core.shell:Creating environment descriptor '/home/ros2/ros2_ws/install/smartcar_msgs/share/smartcar_msgs/hook/ld_library_path_lib.dsv'
[1.600s] INFO:colcon.colcon_core.shell:Creating environment hook '/home/ros2/ros2_ws/install/smartcar_msgs/share/smartcar_msgs/hook/ld_library_path_lib.sh'
[1.601s] Level 1:colcon.colcon_core.environment:checking '/home/ros2/ros2_ws/install/smartcar_msgs/bin'
[1.601s] Level 1:colcon.colcon_core.environment:checking '/home/ros2/ros2_ws/install/smartcar_msgs/lib/pkgconfig/smartcar_msgs.pc'
[1.601s] Level 1:colcon.colcon_core.environment:checking '/home/ros2/ros2_ws/install/smartcar_msgs/lib/python3.10/site-packages'
[1.602s] Level 1:colcon.colcon_core.environment:checking '/home/ros2/ros2_ws/install/smartcar_msgs/bin'
[1.602s] INFO:colcon.colcon_core.shell:Creating package script '/home/ros2/ros2_ws/install/smartcar_msgs/share/smartcar_msgs/package.ps1'
[1.603s] INFO:colcon.colcon_core.shell:Creating package descriptor '/home/ros2/ros2_ws/install/smartcar_msgs/share/smartcar_msgs/package.dsv'
[1.604s] INFO:colcon.colcon_core.shell:Creating package script '/home/ros2/ros2_ws/install/smartcar_msgs/share/smartcar_msgs/package.sh'
[1.605s] INFO:colcon.colcon_core.shell:Creating package script '/home/ros2/ros2_ws/install/smartcar_msgs/share/smartcar_msgs/package.bash'
[1.606s] INFO:colcon.colcon_core.shell:Creating package script '/home/ros2/ros2_ws/install/smartcar_msgs/share/smartcar_msgs/package.zsh'
[1.606s] Level 1:colcon.colcon_core.environment:create_file_with_runtime_dependencies(/home/ros2/ros2_ws/install/smartcar_msgs/share/colcon-core/packages/smartcar_msgs)
[1.608s] Level 1:colcon.colcon_core.environment:create_environment_scripts_only(smart_car)
[1.609s] Level 1:colcon.colcon_core.environment:checking '/home/ros2/ros2_ws/install/smart_car' for CMake module files
[1.610s] Level 1:colcon.colcon_core.environment:checking '/home/ros2/ros2_ws/install/smart_car' for CMake config files
[1.610s] Level 1:colcon.colcon_core.shell:create_environment_hook('smart_car', 'cmake_prefix_path')
[1.611s] INFO:colcon.colcon_core.shell:Creating environment hook '/home/ros2/ros2_ws/install/smart_car/share/smart_car/hook/cmake_prefix_path.ps1'
[1.611s] INFO:colcon.colcon_core.shell:Creating environment descriptor '/home/ros2/ros2_ws/install/smart_car/share/smart_car/hook/cmake_prefix_path.dsv'
[1.612s] INFO:colcon.colcon_core.shell:Creating environment hook '/home/ros2/ros2_ws/install/smart_car/share/smart_car/hook/cmake_prefix_path.sh'
[1.612s] Level 1:colcon.colcon_core.environment:checking '/home/ros2/ros2_ws/install/smart_car/lib'
[1.613s] Level 1:colcon.colcon_core.environment:checking '/home/ros2/ros2_ws/install/smart_car/libs'
[1.613s] Level 1:colcon.colcon_core.environment:checking '/home/ros2/ros2_ws/install/smart_car/bin'
[1.613s] Level 1:colcon.colcon_core.environment:checking '/home/ros2/ros2_ws/install/smart_car/lib/pkgconfig/smart_car.pc'
[1.613s] Level 1:colcon.colcon_core.environment:checking '/home/ros2/ros2_ws/install/smart_car/lib/python3.10/site-packages'
[1.613s] Level 1:colcon.colcon_core.environment:checking '/home/ros2/ros2_ws/install/smart_car/bin'
[1.614s] INFO:colcon.colcon_core.shell:Creating package script '/home/ros2/ros2_ws/install/smart_car/share/smart_car/package.ps1'
[1.615s] INFO:colcon.colcon_core.shell:Creating package descriptor '/home/ros2/ros2_ws/install/smart_car/share/smart_car/package.dsv'
[1.615s] INFO:colcon.colcon_core.shell:Creating package script '/home/ros2/ros2_ws/install/smart_car/share/smart_car/package.sh'
[1.616s] INFO:colcon.colcon_core.shell:Creating package script '/home/ros2/ros2_ws/install/smart_car/share/smart_car/package.bash'
[1.617s] INFO:colcon.colcon_core.shell:Creating package script '/home/ros2/ros2_ws/install/smart_car/share/smart_car/package.zsh'
[1.617s] Level 1:colcon.colcon_core.environment:create_file_with_runtime_dependencies(/home/ros2/ros2_ws/install/smart_car/share/colcon-core/packages/smart_car)
[1.722s] Level 1:colcon.colcon_core.environment:create_environment_scripts_only(smartcar_msgs)
[1.723s] Level 1:colcon.colcon_core.environment:checking '/home/ros2/ros2_ws/install/smartcar_msgs' for CMake module files
[1.724s] Level 1:colcon.colcon_core.environment:checking '/home/ros2/ros2_ws/install/smartcar_msgs' for CMake config files
[1.725s] Level 1:colcon.colcon_core.shell:create_environment_hook('smartcar_msgs', 'cmake_prefix_path')
[1.725s] INFO:colcon.colcon_core.shell:Creating environment hook '/home/ros2/ros2_ws/install/smartcar_msgs/share/smartcar_msgs/hook/cmake_prefix_path.ps1'
[1.726s] INFO:colcon.colcon_core.shell:Creating environment descriptor '/home/ros2/ros2_ws/install/smartcar_msgs/share/smartcar_msgs/hook/cmake_prefix_path.dsv'
[1.726s] INFO:colcon.colcon_core.shell:Creating environment hook '/home/ros2/ros2_ws/install/smartcar_msgs/share/smartcar_msgs/hook/cmake_prefix_path.sh'
[1.727s] Level 1:colcon.colcon_core.environment:checking '/home/ros2/ros2_ws/install/smartcar_msgs/lib'
[1.727s] Level 1:colcon.colcon_core.shell:create_environment_hook('smartcar_msgs', 'ld_library_path_lib')
[1.728s] INFO:colcon.colcon_core.shell:Creating environment hook '/home/ros2/ros2_ws/install/smartcar_msgs/share/smartcar_msgs/hook/ld_library_path_lib.ps1'
[1.729s] INFO:colcon.colcon_core.shell:Creating environment descriptor '/home/ros2/ros2_ws/install/smartcar_msgs/share/smartcar_msgs/hook/ld_library_path_lib.dsv'
[1.729s] INFO:colcon.colcon_core.shell:Creating environment hook '/home/ros2/ros2_ws/install/smartcar_msgs/share/smartcar_msgs/hook/ld_library_path_lib.sh'
[1.730s] Level 1:colcon.colcon_core.environment:checking '/home/ros2/ros2_ws/install/smartcar_msgs/bin'
[1.730s] Level 1:colcon.colcon_core.environment:checking '/home/ros2/ros2_ws/install/smartcar_msgs/lib/pkgconfig/smartcar_msgs.pc'
[1.730s] Level 1:colcon.colcon_core.environment:checking '/home/ros2/ros2_ws/install/smartcar_msgs/lib/python3.10/site-packages'
[1.730s] Level 1:colcon.colcon_core.environment:checking '/home/ros2/ros2_ws/install/smartcar_msgs/bin'
[1.731s] INFO:colcon.colcon_core.shell:Creating package script '/home/ros2/ros2_ws/install/smartcar_msgs/share/smartcar_msgs/package.ps1'
[1.732s] INFO:colcon.colcon_core.shell:Creating package descriptor '/home/ros2/ros2_ws/install/smartcar_msgs/share/smartcar_msgs/package.dsv'
[1.733s] INFO:colcon.colcon_core.shell:Creating package script '/home/ros2/ros2_ws/install/smartcar_msgs/share/smartcar_msgs/package.sh'
[1.735s] INFO:colcon.colcon_core.shell:Creating package script '/home/ros2/ros2_ws/install/smartcar_msgs/share/smartcar_msgs/package.bash'
[1.736s] INFO:colcon.colcon_core.shell:Creating package script '/home/ros2/ros2_ws/install/smartcar_msgs/share/smartcar_msgs/package.zsh'
[1.737s] Level 1:colcon.colcon_core.environment:create_file_with_runtime_dependencies(/home/ros2/ros2_ws/install/smartcar_msgs/share/colcon-core/packages/smartcar_msgs)
[1.738s] DEBUG:colcon.colcon_parallel_executor.executor.parallel:closing loop
[1.740s] DEBUG:colcon.colcon_parallel_executor.executor.parallel:loop closed
[1.741s] DEBUG:colcon.colcon_parallel_executor.executor.parallel:run_until_complete finished with '0'
[1.741s] DEBUG:colcon.colcon_core.event_reactor:joining thread
[1.829s] INFO:colcon.colcon_core.plugin_system:Skipping extension 'colcon_notification.desktop_notification.notify_send': Could not find 'notify-send'
[1.830s] INFO:colcon.colcon_core.plugin_system:Skipping extension 'colcon_notification.desktop_notification.terminal_notifier': Not used on non-Darwin systems
[1.830s] INFO:colcon.colcon_core.plugin_system:Skipping extension 'colcon_notification.desktop_notification.win32': Not used on non-Windows systems
[1.830s] INFO:colcon.colcon_notification.desktop_notification:Sending desktop notification using 'notify2'
[1.832s] DEBUG:colcon.colcon_notification.desktop_notification.notify2:Failed to initialize notify2: org.freedesktop.DBus.Error.ServiceUnknown: The name org.freedesktop.Notifications was not provided by any .service files
[1.833s] DEBUG:colcon.colcon_core.event_reactor:joined thread
[1.833s] INFO:colcon.colcon_core.shell:Creating prefix script '/home/ros2/ros2_ws/install/local_setup.ps1'
[1.836s] INFO:colcon.colcon_core.shell:Creating prefix util module '/home/ros2/ros2_ws/install/_local_setup_util_ps1.py'
[1.838s] INFO:colcon.colcon_core.shell:Creating prefix chain script '/home/ros2/ros2_ws/install/setup.ps1'
[1.840s] INFO:colcon.colcon_core.shell:Creating prefix script '/home/ros2/ros2_ws/install/local_setup.sh'
[1.842s] INFO:colcon.colcon_core.shell:Creating prefix util module '/home/ros2/ros2_ws/install/_local_setup_util_sh.py'
[1.843s] INFO:colcon.colcon_core.shell:Creating prefix chain script '/home/ros2/ros2_ws/install/setup.sh'
[1.845s] INFO:colcon.colcon_core.shell:Creating prefix script '/home/ros2/ros2_ws/install/local_setup.bash'
[1.846s] INFO:colcon.colcon_core.shell:Creating prefix chain script '/home/ros2/ros2_ws/install/setup.bash'
[1.848s] INFO:colcon.colcon_core.shell:Creating prefix script '/home/ros2/ros2_ws/install/local_setup.zsh'
[1.850s] INFO:colcon.colcon_core.shell:Creating prefix chain script '/home/ros2/ros2_ws/install/setup.zsh'
