[0.039s] Invoking command in '/home/ros2/ros2_ws/build/smart_car': CMAKE_PREFIX_PATH=${CMAKE_PREFIX_PATH}:/opt/ros/humble /usr/bin/cmake --build /home/ros2/ros2_ws/build/smart_car -- -j16 -l16
[0.119s] Built target ament_cmake_python_symlink_smart_car
[0.507s] running egg_info
[0.508s] writing smart_car.egg-info/PKG-INFO
[0.509s] writing dependency_links to smart_car.egg-info/dependency_links.txt
[0.509s] writing top-level names to smart_car.egg-info/top_level.txt
[0.513s] reading manifest file 'smart_car.egg-info/SOURCES.txt'
[0.515s] writing manifest file 'smart_car.egg-info/SOURCES.txt'
[0.568s] Built target ament_cmake_python_build_smart_car_egg
[0.586s] Invoked command in '/home/ros2/ros2_ws/build/smart_car' returned '0': CMAKE_PREFIX_PATH=${CMAKE_PREFIX_PATH}:/opt/ros/humble /usr/bin/cmake --build /home/ros2/ros2_ws/build/smart_car -- -j16 -l16
[0.638s] Invoking command in '/home/ros2/ros2_ws/build/smart_car': CMAKE_PREFIX_PATH=${CMAKE_PREFIX_PATH}:/opt/ros/humble /usr/bin/cmake --install /home/ros2/ros2_ws/build/smart_car
[0.646s] -- Install configuration: ""
[0.647s] -- Execute custom install script
[0.647s] -- Up-to-date symlink: /home/ros2/ros2_ws/install/smart_car/share/smart_car/environment/pythonpath.sh
[0.648s] -- Up-to-date symlink: /home/ros2/ros2_ws/install/smart_car/share/smart_car/environment/pythonpath.dsv
[0.649s] -- Up-to-date symlink: /home/ros2/ros2_ws/install/smart_car/local/lib/python3.10/dist-packages/smart_car-0.0.0-py3.10.egg-info/PKG-INFO
[0.649s] -- Up-to-date symlink: /home/ros2/ros2_ws/install/smart_car/local/lib/python3.10/dist-packages/smart_car-0.0.0-py3.10.egg-info/SOURCES.txt
[0.650s] -- Up-to-date symlink: /home/ros2/ros2_ws/install/smart_car/local/lib/python3.10/dist-packages/smart_car-0.0.0-py3.10.egg-info/dependency_links.txt
[0.651s] -- Up-to-date symlink: /home/ros2/ros2_ws/install/smart_car/local/lib/python3.10/dist-packages/smart_car-0.0.0-py3.10.egg-info/top_level.txt
[0.651s] -- Up-to-date symlink: /home/ros2/ros2_ws/install/smart_car/local/lib/python3.10/dist-packages/smart_car/__init__.py
[0.652s] -- Up-to-date symlink: /home/ros2/ros2_ws/install/smart_car/libs/smart_car/vehicle_interface.py
[0.653s] -- Up-to-date symlink: /home/ros2/ros2_ws/install/smart_car/libs/smart_car/joint_state_publisher.py
[0.653s] -- Up-to-date symlink: /home/ros2/ros2_ws/install/smart_car/libs/smart_car/joy_twist.py
[0.653s] -- Up-to-date symlink: /home/ros2/ros2_ws/install/smart_car/libs/smart_car/wheel_odom.py
[0.654s] -- Up-to-date symlink: /home/ros2/ros2_ws/install/smart_car/lib/smart_car/wheel_odom.py
[0.655s] -- Up-to-date symlink: /home/ros2/ros2_ws/install/smart_car/share/smart_car/urdf/imu_sensor.urdf.xacro
[0.656s] -- Up-to-date symlink: /home/ros2/ros2_ws/install/smart_car/share/smart_car/urdf/lidar_sensor.urdf.xacro
[0.656s] -- Up-to-date symlink: /home/ros2/ros2_ws/install/smart_car/share/smart_car/urdf/smartcar.urdf.xacro
[0.656s] -- Up-to-date symlink: /home/ros2/ros2_ws/install/smart_car/share/smart_car/launch/__pycache__/launch.cpython-310.pyc
[0.657s] -- Up-to-date symlink: /home/ros2/ros2_ws/install/smart_car/share/smart_car/launch/display.launch.py
[0.658s] -- Up-to-date symlink: /home/ros2/ros2_ws/install/smart_car/share/smart_car/launch/smartcar.launch.py
[0.659s] -- Up-to-date symlink: /home/ros2/ros2_ws/install/smart_car/share/smart_car/world/smalltown.world
[0.659s] -- Up-to-date symlink: /home/ros2/ros2_ws/install/smart_car/share/ament_index/resource_index/package_run_dependencies/smart_car
[0.660s] -- Up-to-date symlink: /home/ros2/ros2_ws/install/smart_car/share/ament_index/resource_index/parent_prefix_path/smart_car
[0.660s] -- Up-to-date symlink: /home/ros2/ros2_ws/install/smart_car/share/smart_car/environment/ament_prefix_path.sh
[0.661s] -- Up-to-date symlink: /home/ros2/ros2_ws/install/smart_car/share/smart_car/environment/ament_prefix_path.dsv
[0.661s] -- Up-to-date symlink: /home/ros2/ros2_ws/install/smart_car/share/smart_car/environment/path.sh
[0.661s] -- Up-to-date symlink: /home/ros2/ros2_ws/install/smart_car/share/smart_car/environment/path.dsv
[0.661s] -- Up-to-date symlink: /home/ros2/ros2_ws/install/smart_car/share/smart_car/local_setup.bash
[0.661s] -- Up-to-date symlink: /home/ros2/ros2_ws/install/smart_car/share/smart_car/local_setup.sh
[0.661s] -- Up-to-date symlink: /home/ros2/ros2_ws/install/smart_car/share/smart_car/local_setup.zsh
[0.661s] -- Up-to-date symlink: /home/ros2/ros2_ws/install/smart_car/share/smart_car/local_setup.dsv
[0.662s] -- Symlinking: /home/ros2/ros2_ws/install/smart_car/share/smart_car/package.dsv
[0.671s] -- Up-to-date symlink: /home/ros2/ros2_ws/install/smart_car/share/ament_index/resource_index/packages/smart_car
[0.671s] -- Up-to-date symlink: /home/ros2/ros2_ws/install/smart_car/share/smart_car/cmake/smart_carConfig.cmake
[0.672s] -- Up-to-date symlink: /home/ros2/ros2_ws/install/smart_car/share/smart_car/cmake/smart_carConfig-version.cmake
[0.673s] -- Up-to-date symlink: /home/ros2/ros2_ws/install/smart_car/share/smart_car/package.xml
[0.721s] Listing '/home/ros2/ros2_ws/install/smart_car/local/lib/python3.10/dist-packages/smart_car'...
[0.748s] Invoked command in '/home/ros2/ros2_ws/build/smart_car' returned '0': CMAKE_PREFIX_PATH=${CMAKE_PREFIX_PATH}:/opt/ros/humble /usr/bin/cmake --install /home/ros2/ros2_ws/build/smart_car
