-- The C compiler identification is GNU 11.4.0
-- The CXX compiler identification is GNU 11.4.0
-- Detecting C compiler ABI info
-- Detecting C compiler ABI info - done
-- Check for working C compiler: /usr/bin/cc - skipped
-- Detecting C compile features
-- Detecting C compile features - done
-- Detecting CXX compiler ABI info
-- Detecting CXX compiler ABI info - done
-- Check for working CXX compiler: /usr/bin/c++ - skipped
-- Detecting CXX compile features
-- Detecting CXX compile features - done
-- Found ament_cmake: 1.3.10 (/opt/ros/humble/share/ament_cmake/cmake)
-- Found Python3: /usr/bin/python3 (found version "3.10.12") found components: Interpreter 
-- Override CMake install command with custom implementation using symlinks instead of copying resources
-- Found ament_lint_auto: 0.12.11 (/opt/ros/humble/share/ament_lint_auto/cmake)
-- Added test 'cppcheck' to perform static code analysis on C / C++ code
-- Configured cppcheck include dirs: 
-- Configured cppcheck exclude dirs and/or files: 
-- Added test 'flake8' to check Python code syntax and style conventions
-- Added test 'lint_cmake' to check CMake code style
-- Added test 'pep257' to check Python code against some of the docstring style conventions in PEP 257
-- Added test 'uncrustify' to check C / C++ code style
-- Configured uncrustify additional arguments: 
-- Added test 'xmllint' to check XML markup files
-- Configuring done
-- Generating done
-- Build files have been written to: /home/ros2/ros2_ws/build/smart_car
Built target ament_cmake_python_symlink_smart_car
running egg_info
creating smart_car.egg-info
writing smart_car.egg-info/PKG-INFO
writing dependency_links to smart_car.egg-info/dependency_links.txt
writing top-level names to smart_car.egg-info/top_level.txt
writing manifest file 'smart_car.egg-info/SOURCES.txt'
reading manifest file 'smart_car.egg-info/SOURCES.txt'
writing manifest file 'smart_car.egg-info/SOURCES.txt'
Built target ament_cmake_python_build_smart_car_egg
-- Install configuration: ""
-- Execute custom install script
-- Symlinking: /home/ros2/ros2_ws/install/smart_car/share/smart_car/environment/pythonpath.sh
-- Symlinking: /home/ros2/ros2_ws/install/smart_car/share/smart_car/environment/pythonpath.dsv
-- Symlinking: /home/ros2/ros2_ws/install/smart_car/local/lib/python3.10/dist-packages/smart_car-0.0.0-py3.10.egg-info/PKG-INFO
-- Symlinking: /home/ros2/ros2_ws/install/smart_car/local/lib/python3.10/dist-packages/smart_car-0.0.0-py3.10.egg-info/SOURCES.txt
-- Symlinking: /home/ros2/ros2_ws/install/smart_car/local/lib/python3.10/dist-packages/smart_car-0.0.0-py3.10.egg-info/dependency_links.txt
-- Symlinking: /home/ros2/ros2_ws/install/smart_car/local/lib/python3.10/dist-packages/smart_car-0.0.0-py3.10.egg-info/top_level.txt
-- Symlinking: /home/ros2/ros2_ws/install/smart_car/local/lib/python3.10/dist-packages/smart_car/__init__.py
-- Symlinking: /home/ros2/ros2_ws/install/smart_car/libs/smart_car/vehicle_interface.py
-- Symlinking: /home/ros2/ros2_ws/install/smart_car/libs/smart_car/joint_state_publisher.py
-- Symlinking: /home/ros2/ros2_ws/install/smart_car/libs/smart_car/joy_twist.py
-- Symlinking: /home/ros2/ros2_ws/install/smart_car/libs/smart_car/wheel_odom.py
-- Symlinking: /home/ros2/ros2_ws/install/smart_car/lib/smart_car/wheel_odom.py
-- Symlinking: /home/ros2/ros2_ws/install/smart_car/share/smart_car/urdf/imu_sensor.urdf.xacro
-- Symlinking: /home/ros2/ros2_ws/install/smart_car/share/smart_car/urdf/lidar_sensor.urdf.xacro
-- Symlinking: /home/ros2/ros2_ws/install/smart_car/share/smart_car/urdf/smartcar.urdf.xacro
-- Symlinking: /home/ros2/ros2_ws/install/smart_car/share/smart_car/launch/display.launch.py
-- Symlinking: /home/ros2/ros2_ws/install/smart_car/share/smart_car/launch/launch.py
-- Symlinking: /home/ros2/ros2_ws/install/smart_car/share/smart_car/launch/smartcar.launch.py
-- Symlinking: /home/ros2/ros2_ws/install/smart_car/share/smart_car/world/smalltown.world
-- Symlinking: /home/ros2/ros2_ws/install/smart_car/share/ament_index/resource_index/package_run_dependencies/smart_car
-- Symlinking: /home/ros2/ros2_ws/install/smart_car/share/ament_index/resource_index/parent_prefix_path/smart_car
-- Symlinking: /home/ros2/ros2_ws/install/smart_car/share/smart_car/environment/ament_prefix_path.sh
-- Symlinking: /home/ros2/ros2_ws/install/smart_car/share/smart_car/environment/ament_prefix_path.dsv
-- Symlinking: /home/ros2/ros2_ws/install/smart_car/share/smart_car/environment/path.sh
-- Symlinking: /home/ros2/ros2_ws/install/smart_car/share/smart_car/environment/path.dsv
-- Symlinking: /home/ros2/ros2_ws/install/smart_car/share/smart_car/local_setup.bash
-- Symlinking: /home/ros2/ros2_ws/install/smart_car/share/smart_car/local_setup.sh
-- Symlinking: /home/ros2/ros2_ws/install/smart_car/share/smart_car/local_setup.zsh
-- Symlinking: /home/ros2/ros2_ws/install/smart_car/share/smart_car/local_setup.dsv
-- Symlinking: /home/ros2/ros2_ws/install/smart_car/share/smart_car/package.dsv
-- Symlinking: /home/ros2/ros2_ws/install/smart_car/share/ament_index/resource_index/packages/smart_car
-- Symlinking: /home/ros2/ros2_ws/install/smart_car/share/smart_car/cmake/smart_carConfig.cmake
-- Symlinking: /home/ros2/ros2_ws/install/smart_car/share/smart_car/cmake/smart_carConfig-version.cmake
-- Symlinking: /home/ros2/ros2_ws/install/smart_car/share/smart_car/package.xml
Listing '/home/ros2/ros2_ws/install/smart_car/local/lib/python3.10/dist-packages/smart_car'...
Compiling '/home/ros2/ros2_ws/install/smart_car/local/lib/python3.10/dist-packages/smart_car/__init__.py'...
