[0.048s] Invoking command in '/home/ros2/ros2_ws/build/smart_car': CMAKE_PREFIX_PATH=/opt/ros/humble /usr/bin/cmake /home/ros2/ros2_ws/src/smart_car -DAMENT_CMAKE_SYMLINK_INSTALL=1 -DCMAKE_INSTALL_PREFIX=/home/ros2/ros2_ws/install/smart_car
[0.413s] -- The C compiler identification is GNU 11.4.0
[1.037s] -- The CXX compiler identification is GNU 11.4.0
[1.383s] -- Detecting C compiler ABI info
[1.569s] -- Detecting C compiler ABI info - done
[1.580s] -- Check for working C compiler: /usr/bin/cc - skipped
[1.587s] -- Detecting C compile features
[1.589s] -- Detecting C compile features - done
[1.594s] -- Detecting CXX compiler ABI info
[1.793s] -- Detecting CXX compiler ABI info - done
[1.805s] -- Check for working CXX compiler: /usr/bin/c++ - skipped
[1.806s] -- Detecting CXX compile features
[1.807s] -- Detecting CXX compile features - done
[1.854s] -- Found ament_cmake: 1.3.10 (/opt/ros/humble/share/ament_cmake/cmake)
[2.087s] -- Found Python3: /usr/bin/python3 (found version "3.10.12") found components: Interpreter 
[2.181s] -- Override CMake install command with custom implementation using symlinks instead of copying resources
[2.374s] -- Found ament_lint_auto: 0.12.11 (/opt/ros/humble/share/ament_lint_auto/cmake)
[2.504s] -- Added test 'cppcheck' to perform static code analysis on C / C++ code
[2.505s] -- Configured cppcheck include dirs: 
[2.505s] -- Configured cppcheck exclude dirs and/or files: 
[2.506s] -- Added test 'flake8' to check Python code syntax and style conventions
[2.509s] -- Added test 'lint_cmake' to check CMake code style
[2.510s] -- Added test 'pep257' to check Python code against some of the docstring style conventions in PEP 257
[2.513s] -- Added test 'uncrustify' to check C / C++ code style
[2.514s] -- Configured uncrustify additional arguments: 
[2.515s] -- Added test 'xmllint' to check XML markup files
[2.520s] -- Configuring done
[2.534s] -- Generating done
[2.536s] -- Build files have been written to: /home/ros2/ros2_ws/build/smart_car
[2.548s] Invoked command in '/home/ros2/ros2_ws/build/smart_car' returned '0': CMAKE_PREFIX_PATH=/opt/ros/humble /usr/bin/cmake /home/ros2/ros2_ws/src/smart_car -DAMENT_CMAKE_SYMLINK_INSTALL=1 -DCMAKE_INSTALL_PREFIX=/home/ros2/ros2_ws/install/smart_car
[2.556s] Invoking command in '/home/ros2/ros2_ws/build/smart_car': CMAKE_PREFIX_PATH=/opt/ros/humble /usr/bin/cmake --build /home/ros2/ros2_ws/build/smart_car -- -j16 -l16
[2.631s] Built target ament_cmake_python_symlink_smart_car
[3.000s] running egg_info
[3.001s] creating smart_car.egg-info
[3.002s] writing smart_car.egg-info/PKG-INFO
[3.002s] writing dependency_links to smart_car.egg-info/dependency_links.txt
[3.003s] writing top-level names to smart_car.egg-info/top_level.txt
[3.003s] writing manifest file 'smart_car.egg-info/SOURCES.txt'
[3.007s] reading manifest file 'smart_car.egg-info/SOURCES.txt'
[3.008s] writing manifest file 'smart_car.egg-info/SOURCES.txt'
[3.062s] Built target ament_cmake_python_build_smart_car_egg
[3.080s] Invoked command in '/home/ros2/ros2_ws/build/smart_car' returned '0': CMAKE_PREFIX_PATH=/opt/ros/humble /usr/bin/cmake --build /home/ros2/ros2_ws/build/smart_car -- -j16 -l16
[3.134s] Invoking command in '/home/ros2/ros2_ws/build/smart_car': CMAKE_PREFIX_PATH=/opt/ros/humble /usr/bin/cmake --install /home/ros2/ros2_ws/build/smart_car
[3.142s] -- Install configuration: ""
[3.142s] -- Execute custom install script
[3.144s] -- Symlinking: /home/ros2/ros2_ws/install/smart_car/share/smart_car/environment/pythonpath.sh
[3.158s] -- Symlinking: /home/ros2/ros2_ws/install/smart_car/share/smart_car/environment/pythonpath.dsv
[3.172s] -- Symlinking: /home/ros2/ros2_ws/install/smart_car/local/lib/python3.10/dist-packages/smart_car-0.0.0-py3.10.egg-info/PKG-INFO
[3.184s] -- Symlinking: /home/ros2/ros2_ws/install/smart_car/local/lib/python3.10/dist-packages/smart_car-0.0.0-py3.10.egg-info/SOURCES.txt
[3.196s] -- Symlinking: /home/ros2/ros2_ws/install/smart_car/local/lib/python3.10/dist-packages/smart_car-0.0.0-py3.10.egg-info/dependency_links.txt
[3.208s] -- Symlinking: /home/ros2/ros2_ws/install/smart_car/local/lib/python3.10/dist-packages/smart_car-0.0.0-py3.10.egg-info/top_level.txt
[3.220s] -- Symlinking: /home/ros2/ros2_ws/install/smart_car/local/lib/python3.10/dist-packages/smart_car/__init__.py
[3.234s] -- Symlinking: /home/ros2/ros2_ws/install/smart_car/libs/smart_car/vehicle_interface.py
[3.247s] -- Symlinking: /home/ros2/ros2_ws/install/smart_car/libs/smart_car/joint_state_publisher.py
[3.260s] -- Symlinking: /home/ros2/ros2_ws/install/smart_car/libs/smart_car/joy_twist.py
[3.272s] -- Symlinking: /home/ros2/ros2_ws/install/smart_car/libs/smart_car/wheel_odom.py
[3.286s] -- Symlinking: /home/ros2/ros2_ws/install/smart_car/lib/smart_car/wheel_odom.py
[3.301s] -- Symlinking: /home/ros2/ros2_ws/install/smart_car/share/smart_car/urdf/imu_sensor.urdf.xacro
[3.312s] -- Symlinking: /home/ros2/ros2_ws/install/smart_car/share/smart_car/urdf/lidar_sensor.urdf.xacro
[3.325s] -- Symlinking: /home/ros2/ros2_ws/install/smart_car/share/smart_car/urdf/smartcar.urdf.xacro
[3.339s] -- Symlinking: /home/ros2/ros2_ws/install/smart_car/share/smart_car/launch/display.launch.py
[3.352s] -- Symlinking: /home/ros2/ros2_ws/install/smart_car/share/smart_car/launch/launch.py
[3.363s] -- Symlinking: /home/ros2/ros2_ws/install/smart_car/share/smart_car/launch/smartcar.launch.py
[3.376s] -- Symlinking: /home/ros2/ros2_ws/install/smart_car/share/smart_car/world/smalltown.world
[3.389s] -- Symlinking: /home/ros2/ros2_ws/install/smart_car/share/ament_index/resource_index/package_run_dependencies/smart_car
[3.402s] -- Symlinking: /home/ros2/ros2_ws/install/smart_car/share/ament_index/resource_index/parent_prefix_path/smart_car
[3.414s] -- Symlinking: /home/ros2/ros2_ws/install/smart_car/share/smart_car/environment/ament_prefix_path.sh
[3.429s] -- Symlinking: /home/ros2/ros2_ws/install/smart_car/share/smart_car/environment/ament_prefix_path.dsv
[3.442s] -- Symlinking: /home/ros2/ros2_ws/install/smart_car/share/smart_car/environment/path.sh
[3.453s] -- Symlinking: /home/ros2/ros2_ws/install/smart_car/share/smart_car/environment/path.dsv
[3.465s] -- Symlinking: /home/ros2/ros2_ws/install/smart_car/share/smart_car/local_setup.bash
[3.478s] -- Symlinking: /home/ros2/ros2_ws/install/smart_car/share/smart_car/local_setup.sh
[3.489s] -- Symlinking: /home/ros2/ros2_ws/install/smart_car/share/smart_car/local_setup.zsh
[3.504s] -- Symlinking: /home/ros2/ros2_ws/install/smart_car/share/smart_car/local_setup.dsv
[3.520s] -- Symlinking: /home/ros2/ros2_ws/install/smart_car/share/smart_car/package.dsv
[3.535s] -- Symlinking: /home/ros2/ros2_ws/install/smart_car/share/ament_index/resource_index/packages/smart_car
[3.550s] -- Symlinking: /home/ros2/ros2_ws/install/smart_car/share/smart_car/cmake/smart_carConfig.cmake
[3.564s] -- Symlinking: /home/ros2/ros2_ws/install/smart_car/share/smart_car/cmake/smart_carConfig-version.cmake
[3.580s] -- Symlinking: /home/ros2/ros2_ws/install/smart_car/share/smart_car/package.xml
[3.642s] Listing '/home/ros2/ros2_ws/install/smart_car/local/lib/python3.10/dist-packages/smart_car'...
[3.642s] Compiling '/home/ros2/ros2_ws/install/smart_car/local/lib/python3.10/dist-packages/smart_car/__init__.py'...
[3.653s] Invoked command in '/home/ros2/ros2_ws/build/smart_car' returned '0': CMAKE_PREFIX_PATH=/opt/ros/humble /usr/bin/cmake --install /home/ros2/ros2_ws/build/smart_car
